<?xml version="1.0" encoding="UTF-8"?>
<testsuites name="Empaques" time="279.486" tests="7" failures="2" errors="4">
   <testsuite name="Empaques" tests="7" failures="2" errors="4" time="279.486" skipped="0" timestamp="27-11-2024T23:20:50" hostname="OLVATI - DESKTOP-RGFFP9A" id="Test Suites/Empaques">
      <properties>
         <property name="deviceName" value=""/>
         <property name="devicePlatform"/>
         <property name="logFolder" value="C:\\Users\\OLVATI\\Katalon Studio\\RegistroEnvio_Totem\\Reports\\20241127_232036\\Empaques\\20241127_232036"/>
         <property name="logFiles" value="C:\\Users\\OLVATI\\Katalon Studio\\RegistroEnvio_Totem\\Reports\\20241127_232036\\Empaques\\20241127_232036\\execution0.log"/>
         <property name="attachments" value=""/>
         <property name="hostName" value="OLVATI - DESKTOP-RGFFP9A"/>
         <property name="os" value="Windows 11 64bit"/>
         <property name="katalonVersion" value="9.7.2.223"/>
         <property name="browser" value="Firefox 133.0"/>
         <property name="hostAddress" value="10.136.10.6"/>
         <property name="sessionId" value="92d6faf9-77cd-439f-bcde-4e37799d0d1d"/>
         <property name="seleniumVersion" value="3.141.59"/>
         <property name="proxyInformation" value="ProxyInformation { proxyOption=NO_PROXY, proxyServerType=HTTP, username=, password=********, proxyServerAddress=, proxyServerPort=0, executionList=&quot;&quot;, isApplyToDesiredCapabilities=true }"/>
         <property name="platform" value="Windows 11"/>
      </properties>
      <testcase name="Test Cases/5.Empaques/4.Positivas/Comprar Empaques - Agregar" time="128.454" classname="Test Cases/5.Empaques/4.Positivas/Comprar Empaques - Agregar" status="FAILED">
         <failure type="FAILED" message="Test Cases/5.Empaques/4.Positivas/Comprar Empaques - Agregar FAILED.&#xa;Reason:&#xa;com.kms.katalon.core.exception.StepFailedException: Call Test Case 'Test Cases/5.Empaques/3.Pago-Empaques/Pago-exitoso' failed&#xa;	at com.kms.katalon.core.keyword.builtin.CallTestCaseKeyword$_callTestCase_closure1.doCall(CallTestCaseKeyword.groovy:63)&#xa;	at com.kms.katalon.core.keyword.builtin.CallTestCaseKeyword$_callTestCase_closure1.call(CallTestCaseKeyword.groovy)&#xa;	at com.kms.katalon.core.keyword.internal.KeywordMain.runKeyword(KeywordMain.groovy:75)&#xa;	at com.kms.katalon.core.keyword.builtin.CallTestCaseKeyword.callTestCase(CallTestCaseKeyword.groovy:81)&#xa;	at com.kms.katalon.core.keyword.builtin.CallTestCaseKeyword.execute(CallTestCaseKeyword.groovy:44)&#xa;	at com.kms.katalon.core.keyword.internal.KeywordExecutor.executeKeywordForPlatform(KeywordExecutor.groovy:74)&#xa;	at com.kms.katalon.core.keyword.BuiltinKeywords.callTestCase(BuiltinKeywords.groovy:310)&#xa;	at java.base/jdk.internal.reflect.NativeMethodAccessorImpl.invoke0(Native Method)&#xa;	at java.base/jdk.internal.reflect.NativeMethodAccessorImpl.invoke(NativeMethodAccessorImpl.java:77)&#xa;	at java.base/jdk.internal.reflect.DelegatingMethodAccessorImpl.invoke(DelegatingMethodAccessorImpl.java:43)&#xa;	at Comprar Empaques - Agregar.run(Comprar Empaques - Agregar:136)&#xa;	at com.kms.katalon.core.main.ScriptEngine.run(ScriptEngine.java:194)&#xa;	at com.kms.katalon.core.main.ScriptEngine.runScriptAsRawText(ScriptEngine.java:119)&#xa;	at com.kms.katalon.core.main.TestCaseExecutor.runScript(TestCaseExecutor.java:448)&#xa;	at com.kms.katalon.core.main.TestCaseExecutor.doExecute(TestCaseExecutor.java:439)&#xa;	at com.kms.katalon.core.main.TestCaseExecutor.processExecutionPhase(TestCaseExecutor.java:418)&#xa;	at com.kms.katalon.core.main.TestCaseExecutor.accessMainPhase(TestCaseExecutor.java:410)&#xa;	at com.kms.katalon.core.main.TestCaseExecutor.execute(TestCaseExecutor.java:285)&#xa;	at com.kms.katalon.core.common.CommonExecutor.accessTestCaseMainPhase(CommonExecutor.java:65)&#xa;	at com.kms.katalon.core.main.TestSuiteExecutor.accessTestSuiteMainPhase(TestSuiteExecutor.java:150)&#xa;	at com.kms.katalon.core.main.TestSuiteExecutor.execute(TestSuiteExecutor.java:106)&#xa;	at com.kms.katalon.core.main.TestCaseMain.startTestSuite(TestCaseMain.java:180)&#xa;	at TempTestSuite1732767636501.run(TempTestSuite1732767636501.groovy:35)&#xa;	at java.base/jdk.internal.reflect.NativeMethodAccessorImpl.invoke0(Native Method)&#xa;	at java.base/jdk.internal.reflect.NativeMethodAccessorImpl.invoke(NativeMethodAccessorImpl.java:77)&#xa;	at java.base/jdk.internal.reflect.DelegatingMethodAccessorImpl.invoke(DelegatingMethodAccessorImpl.java:43)&#xa;Caused by: com.kms.katalon.core.exception.StepFailedException: Unable to scroll to object 'Object Repository/Comprar Empaques/Page_Olva Courier  Resultado/button_23 - 00005177' (Root cause: com.kms.katalon.core.exception.StepFailedException: Unable to scroll to object 'Object Repository/Comprar Empaques/Page_Olva Courier  Resultado/button_23 - 00005177'&#xa;	at com.kms.katalon.core.webui.keyword.internal.WebUIKeywordMain.stepFailed(WebUIKeywordMain.groovy:117)&#xa;	at com.kms.katalon.core.webui.keyword.internal.WebUIKeywordMain.runKeyword(WebUIKeywordMain.groovy:43)&#xa;	at com.kms.katalon.core.webui.keyword.builtin.ScrollToElementKeyword.scrollToElement(ScrollToElementKeyword.groovy:88)&#xa;	at com.kms.katalon.core.webui.keyword.builtin.ScrollToElementKeyword.execute(ScrollToElementKeyword.groovy:68)&#xa;	at com.kms.katalon.core.keyword.internal.KeywordExecutor.executeKeywordForPlatform(KeywordExecutor.groovy:74)&#xa;	at com.kms.katalon.core.webui.keyword.WebUiBuiltInKeywords.scrollToElement(WebUiBuiltInKeywords.groovy:4133)&#xa;	at Pago-exitoso.run(Pago-exitoso:29)&#xa;	at com.kms.katalon.core.main.ScriptEngine.run(ScriptEngine.java:194)&#xa;	at com.kms.katalon.core.main.ScriptEngine.runScriptAsRawText(ScriptEngine.java:119)&#xa;	at com.kms.katalon.core.main.TestCaseExecutor.runScript(TestCaseExecutor.java:448)&#xa;	at com.kms.katalon.core.main.TestCaseExecutor.doExecute(TestCaseExecutor.java:439)&#xa;	at com.kms.katalon.core.main.TestCaseExecutor.processExecutionPhase(TestCaseExecutor.java:418)&#xa;	at com.kms.katalon.core.main.TestCaseExecutor.accessMainPhase(TestCaseExecutor.java:410)&#xa;	at com.kms.katalon.core.main.TestCaseExecutor.execute(TestCaseExecutor.java:285)&#xa;	at com.kms.katalon.core.main.TestCaseMain.runTestCase(TestCaseMain.java:137)&#xa;	at com.kms.katalon.core.keyword.builtin.CallTestCaseKeyword$_callTestCase_closure1.doCall(CallTestCaseKeyword.groovy:59)&#xa;	at com.kms.katalon.core.keyword.builtin.CallTestCaseKeyword$_callTestCase_closure1.call(CallTestCaseKeyword.groovy)&#xa;	at com.kms.katalon.core.keyword.internal.KeywordMain.runKeyword(KeywordMain.groovy:75)&#xa;	at com.kms.katalon.core.keyword.builtin.CallTestCaseKeyword.callTestCase(CallTestCaseKeyword.groovy:81)&#xa;	at com.kms.katalon.core.keyword.builtin.CallTestCaseKeyword.execute(CallTestCaseKeyword.groovy:44)&#xa;	at com.kms.katalon.core.keyword.internal.KeywordExecutor.executeKeywordForPlatform(KeywordExecutor.groovy:74)&#xa;	at com.kms.katalon.core.keyword.BuiltinKeywords.callTestCase(BuiltinKeywords.groovy:310)&#xa;	at java.base/jdk.internal.reflect.NativeMethodAccessorImpl.invoke0(Native Method)&#xa;	at java.base/jdk.internal.reflect.NativeMethodAccessorImpl.invoke(NativeMethodAccessorImpl.java:77)&#xa;	at java.base/jdk.internal.reflect.DelegatingMethodAccessorImpl.invoke(DelegatingMethodAccessorImpl.java:43)&#xa;	at Comprar Empaques - Agregar.run(Comprar Empaques - Agregar:136)&#xa;	at com.kms.katalon.core.main.ScriptEngine.run(ScriptEngine.java:194)&#xa;	at com.kms.katalon.core.main.ScriptEngine.runScriptAsRawText(ScriptEngine.java:119)&#xa;	at com.kms.katalon.core.main.TestCaseExecutor.runScript(TestCaseExecutor.java:448)&#xa;	at com.kms.katalon.core.main.TestCaseExecutor.doExecute(TestCaseExecutor.java:439)&#xa;	at com.kms.katalon.core.main.TestCaseExecutor.processExecutionPhase(TestCaseExecutor.java:418)&#xa;	at com.kms.katalon.core.main.TestCaseExecutor.accessMainPhase(TestCaseExecutor.java:410)&#xa;	at com.kms.katalon.core.main.TestCaseExecutor.execute(TestCaseExecutor.java:285)&#xa;	at com.kms.katalon.core.common.CommonExecutor.accessTestCaseMainPhase(CommonExecutor.java:65)&#xa;	at com.kms.katalon.core.main.TestSuiteExecutor.accessTestSuiteMainPhase(TestSuiteExecutor.java:150)&#xa;	at com.kms.katalon.core.main.TestSuiteExecutor.execute(TestSuiteExecutor.java:106)&#xa;	at com.kms.katalon.core.main.TestCaseMain.startTestSuite(TestCaseMain.java:180)&#xa;	at TempTestSuite1732767636501.run(TempTestSuite1732767636501.groovy:35)&#xa;	at java.base/jdk.internal.reflect.NativeMethodAccessorImpl.invoke0(Native Method)&#xa;	at java.base/jdk.internal.reflect.NativeMethodAccessorImpl.invoke(NativeMethodAccessorImpl.java:77)&#xa;	at java.base/jdk.internal.reflect.DelegatingMethodAccessorImpl.invoke(DelegatingMethodAccessorImpl.java:43)&#xa;Caused by: com.kms.katalon.core.webui.exception.WebElementNotFoundException: Web element with id: 'Object Repository/Comprar Empaques/Page_Olva Courier  Resultado/button_23 - 00005177' located by '//*[@id=&quot;div_container&quot;]/form/button' not found&#xa;	at com.kms.katalon.core.webui.common.WebUiCommonHelper.findWebElement(WebUiCommonHelper.java:1419)&#xa;	at com.kms.katalon.core.webui.keyword.internal.WebUIAbstractKeyword.findWebElement(WebUIAbstractKeyword.groovy:27)&#xa;	at com.kms.katalon.core.webui.keyword.internal.WebUIAbstractKeyword.findWebElement(WebUIAbstractKeyword.groovy:26)&#xa;	at com.kms.katalon.core.webui.keyword.builtin.ScrollToElementKeyword$_scrollToElement_closure1.doCall(ScrollToElementKeyword.groovy:79)&#xa;	at com.kms.katalon.core.webui.keyword.builtin.ScrollToElementKeyword$_scrollToElement_closure1.call(ScrollToElementKeyword.groovy)&#xa;	at com.kms.katalon.core.webui.keyword.internal.WebUIKeywordMain.runKeyword(WebUIKeywordMain.groovy:35)&#xa;	at com.kms.katalon.core.webui.keyword.builtin.ScrollToElementKeyword.scrollToElement(ScrollToElementKeyword.groovy:88)&#xa;	at com.kms.katalon.core.webui.keyword.builtin.ScrollToElementKeyword.execute(ScrollToElementKeyword.groovy:68)&#xa;	at com.kms.katalon.core.keyword.internal.KeywordExecutor.executeKeywordForPlatform(KeywordExecutor.groovy:74)&#xa;	at com.kms.katalon.core.webui.keyword.WebUiBuiltInKeywords.scrollToElement(WebUiBuiltInKeywords.groovy:4133)&#xa;	at Script1732688343034.run(Script1732688343034.groovy:29)&#xa;	at com.kms.katalon.core.main.ScriptEngine.run(ScriptEngine.java:194)&#xa;	at com.kms.katalon.core.main.ScriptEngine.runScriptAsRawText(ScriptEngine.java:119)&#xa;	at com.kms.katalon.core.main.TestCaseExecutor.runScript(TestCaseExecutor.java:448)&#xa;	at com.kms.katalon.core.main.TestCaseExecutor.doExecute(TestCaseExecutor.java:439)&#xa;	at com.kms.katalon.core.main.TestCaseExecutor.processExecutionPhase(TestCaseExecutor.java:418)&#xa;	at com.kms.katalon.core.main.TestCaseExecutor.accessMainPhase(TestCaseExecutor.java:410)&#xa;	at com.kms.katalon.core.main.TestCaseExecutor.execute(TestCaseExecutor.java:285)&#xa;	at com.kms.katalon.core.main.TestCaseMain.runTestCase(TestCaseMain.java:137)&#xa;	at com.kms.katalon.core.keyword.builtin.CallTestCaseKeyword$_callTestCase_closure1.doCall(CallTestCaseKeyword.groovy:59)&#xa;	at com.kms.katalon.core.keyword.builtin.CallTestCaseKeyword$_callTestCase_closure1.call(CallTestCaseKeyword.groovy)&#xa;	at com.kms.katalon.core.keyword.internal.KeywordMain.runKeyword(KeywordMain.groovy:75)&#xa;	at com.kms.katalon.core.keyword.builtin.CallTestCaseKeyword.callTestCase(CallTestCaseKeyword.groovy:81)&#xa;	at com.kms.katalon.core.keyword.builtin.CallTestCaseKeyword.execute(CallTestCaseKeyword.groovy:44)&#xa;	at com.kms.katalon.core.keyword.internal.KeywordExecutor.executeKeywordForPlatform(KeywordExecutor.groovy:74)&#xa;	at com.kms.katalon.core.keyword.BuiltinKeywords.callTestCase(BuiltinKeywords.groovy:310)&#xa;	at java.base/jdk.internal.reflect.NativeMethodAccessorImpl.invoke0(Native Method)&#xa;	at java.base/jdk.internal.reflect.NativeMethodAccessorImpl.invoke(NativeMethodAccessorImpl.java:77)&#xa;	at java.base/jdk.internal.reflect.DelegatingMethodAccessorImpl.invoke(DelegatingMethodAccessorImpl.java:43)&#xa;	at Script1732689342164.run(Script1732689342164.groovy:136)&#xa;	... 15 more&#xa;)&#xa;	at com.kms.katalon.core.keyword.internal.KeywordMain.stepFailed(KeywordMain.groovy:39)&#xa;	at com.kms.katalon.core.webui.keyword.internal.WebUIKeywordMain.stepFailed(WebUIKeywordMain.groovy:117)&#xa;	at com.kms.katalon.core.webui.keyword.internal.WebUIKeywordMain.runKeyword(WebUIKeywordMain.groovy:43)&#xa;	at com.kms.katalon.core.webui.keyword.builtin.ScrollToElementKeyword.scrollToElement(ScrollToElementKeyword.groovy:88)&#xa;	at com.kms.katalon.core.webui.keyword.builtin.ScrollToElementKeyword.execute(ScrollToElementKeyword.groovy:68)&#xa;	at com.kms.katalon.core.keyword.internal.KeywordExecutor.executeKeywordForPlatform(KeywordExecutor.groovy:74)&#xa;	at com.kms.katalon.core.webui.keyword.WebUiBuiltInKeywords.scrollToElement(WebUiBuiltInKeywords.groovy:4133)&#xa;	at Pago-exitoso.run(Pago-exitoso:29)&#xa;	at com.kms.katalon.core.main.ScriptEngine.run(ScriptEngine.java:194)&#xa;	at com.kms.katalon.core.main.ScriptEngine.runScriptAsRawText(ScriptEngine.java:119)&#xa;	at com.kms.katalon.core.main.TestCaseExecutor.runScript(TestCaseExecutor.java:448)&#xa;	at com.kms.katalon.core.main.TestCaseExecutor.doExecute(TestCaseExecutor.java:439)&#xa;	at com.kms.katalon.core.main.TestCaseExecutor.processExecutionPhase(TestCaseExecutor.java:418)&#xa;	at com.kms.katalon.core.main.TestCaseExecutor.accessMainPhase(TestCaseExecutor.java:410)&#xa;	at com.kms.katalon.core.main.TestCaseExecutor.execute(TestCaseExecutor.java:285)&#xa;	at com.kms.katalon.core.main.TestCaseMain.runTestCase(TestCaseMain.java:137)&#xa;	at com.kms.katalon.core.keyword.builtin.CallTestCaseKeyword$_callTestCase_closure1.doCall(CallTestCaseKeyword.groovy:59)&#xa;	... 25 more&#xa;Caused by: com.kms.katalon.core.exception.StepFailedException: Unable to scroll to object 'Object Repository/Comprar Empaques/Page_Olva Courier  Resultado/button_23 - 00005177'&#xa;	... 41 more&#xa;Caused by: com.kms.katalon.core.webui.exception.WebElementNotFoundException: Web element with id: 'Object Repository/Comprar Empaques/Page_Olva Courier  Resultado/button_23 - 00005177' located by '//*[@id=&quot;div_container&quot;]/form/button' not found&#xa;	at com.kms.katalon.core.webui.common.WebUiCommonHelper.findWebElement(WebUiCommonHelper.java:1419)&#xa;	at com.kms.katalon.core.webui.keyword.internal.WebUIAbstractKeyword.findWebElement(WebUIAbstractKeyword.groovy:27)&#xa;	at com.kms.katalon.core.webui.keyword.internal.WebUIAbstractKeyword.findWebElement(WebUIAbstractKeyword.groovy:26)&#xa;	at com.kms.katalon.core.webui.keyword.builtin.ScrollToElementKeyword$_scrollToElement_closure1.doCall(ScrollToElementKeyword.groovy:79)&#xa;	at com.kms.katalon.core.webui.keyword.builtin.ScrollToElementKeyword$_scrollToElement_closure1.call(ScrollToElementKeyword.groovy)&#xa;	at com.kms.katalon.core.webui.keyword.internal.WebUIKeywordMain.runKeyword(WebUIKeywordMain.groovy:35)&#xa;	... 39 more&#xa;"/>
         <system-out><![CDATA[27-11-2024T23:20:50 - [TEST_CASE][FAILED] - Test Cases/5.Empaques/4.Positivas/Comprar Empaques - Agregar: Test Cases/5.Empaques/4.Positivas/Comprar Empaques - Agregar FAILED.
Reason:
com.kms.katalon.core.exception.StepFailedException: Call Test Case 'Test Cases/5.Empaques/3.Pago-Empaques/Pago-exitoso' failed
	at com.kms.katalon.core.keyword.builtin.CallTestCaseKeyword$_callTestCase_closure1.doCall(CallTestCaseKeyword.groovy:63)
	at com.kms.katalon.core.keyword.builtin.CallTestCaseKeyword$_callTestCase_closure1.call(CallTestCaseKeyword.groovy)
	at com.kms.katalon.core.keyword.internal.KeywordMain.runKeyword(KeywordMain.groovy:75)
	at com.kms.katalon.core.keyword.builtin.CallTestCaseKeyword.callTestCase(CallTestCaseKeyword.groovy:81)
	at com.kms.katalon.core.keyword.builtin.CallTestCaseKeyword.execute(CallTestCaseKeyword.groovy:44)
	at com.kms.katalon.core.keyword.internal.KeywordExecutor.executeKeywordForPlatform(KeywordExecutor.groovy:74)
	at com.kms.katalon.core.keyword.BuiltinKeywords.callTestCase(BuiltinKeywords.groovy:310)
	at java.base/jdk.internal.reflect.NativeMethodAccessorImpl.invoke0(Native Method)
	at java.base/jdk.internal.reflect.NativeMethodAccessorImpl.invoke(NativeMethodAccessorImpl.java:77)
	at java.base/jdk.internal.reflect.DelegatingMethodAccessorImpl.invoke(DelegatingMethodAccessorImpl.java:43)
	at Comprar Empaques - Agregar.run(Comprar Empaques - Agregar:136)
	at com.kms.katalon.core.main.ScriptEngine.run(ScriptEngine.java:194)
	at com.kms.katalon.core.main.ScriptEngine.runScriptAsRawText(ScriptEngine.java:119)
	at com.kms.katalon.core.main.TestCaseExecutor.runScript(TestCaseExecutor.java:448)
	at com.kms.katalon.core.main.TestCaseExecutor.doExecute(TestCaseExecutor.java:439)
	at com.kms.katalon.core.main.TestCaseExecutor.processExecutionPhase(TestCaseExecutor.java:418)
	at com.kms.katalon.core.main.TestCaseExecutor.accessMainPhase(TestCaseExecutor.java:410)
	at com.kms.katalon.core.main.TestCaseExecutor.execute(TestCaseExecutor.java:285)
	at com.kms.katalon.core.common.CommonExecutor.accessTestCaseMainPhase(CommonExecutor.java:65)
	at com.kms.katalon.core.main.TestSuiteExecutor.accessTestSuiteMainPhase(TestSuiteExecutor.java:150)
	at com.kms.katalon.core.main.TestSuiteExecutor.execute(TestSuiteExecutor.java:106)
	at com.kms.katalon.core.main.TestCaseMain.startTestSuite(TestCaseMain.java:180)
	at TempTestSuite1732767636501.run(TempTestSuite1732767636501.groovy:35)
	at java.base/jdk.internal.reflect.NativeMethodAccessorImpl.invoke0(Native Method)
	at java.base/jdk.internal.reflect.NativeMethodAccessorImpl.invoke(NativeMethodAccessorImpl.java:77)
	at java.base/jdk.internal.reflect.DelegatingMethodAccessorImpl.invoke(DelegatingMethodAccessorImpl.java:43)
Caused by: com.kms.katalon.core.exception.StepFailedException: Unable to scroll to object 'Object Repository/Comprar Empaques/Page_Olva Courier  Resultado/button_23 - 00005177' (Root cause: com.kms.katalon.core.exception.StepFailedException: Unable to scroll to object 'Object Repository/Comprar Empaques/Page_Olva Courier  Resultado/button_23 - 00005177'
	at com.kms.katalon.core.webui.keyword.internal.WebUIKeywordMain.stepFailed(WebUIKeywordMain.groovy:117)
	at com.kms.katalon.core.webui.keyword.internal.WebUIKeywordMain.runKeyword(WebUIKeywordMain.groovy:43)
	at com.kms.katalon.core.webui.keyword.builtin.ScrollToElementKeyword.scrollToElement(ScrollToElementKeyword.groovy:88)
	at com.kms.katalon.core.webui.keyword.builtin.ScrollToElementKeyword.execute(ScrollToElementKeyword.groovy:68)
	at com.kms.katalon.core.keyword.internal.KeywordExecutor.executeKeywordForPlatform(KeywordExecutor.groovy:74)
	at com.kms.katalon.core.webui.keyword.WebUiBuiltInKeywords.scrollToElement(WebUiBuiltInKeywords.groovy:4133)
	at Pago-exitoso.run(Pago-exitoso:29)
	at com.kms.katalon.core.main.ScriptEngine.run(ScriptEngine.java:194)
	at com.kms.katalon.core.main.ScriptEngine.runScriptAsRawText(ScriptEngine.java:119)
	at com.kms.katalon.core.main.TestCaseExecutor.runScript(TestCaseExecutor.java:448)
	at com.kms.katalon.core.main.TestCaseExecutor.doExecute(TestCaseExecutor.java:439)
	at com.kms.katalon.core.main.TestCaseExecutor.processExecutionPhase(TestCaseExecutor.java:418)
	at com.kms.katalon.core.main.TestCaseExecutor.accessMainPhase(TestCaseExecutor.java:410)
	at com.kms.katalon.core.main.TestCaseExecutor.execute(TestCaseExecutor.java:285)
	at com.kms.katalon.core.main.TestCaseMain.runTestCase(TestCaseMain.java:137)
	at com.kms.katalon.core.keyword.builtin.CallTestCaseKeyword$_callTestCase_closure1.doCall(CallTestCaseKeyword.groovy:59)
	at com.kms.katalon.core.keyword.builtin.CallTestCaseKeyword$_callTestCase_closure1.call(CallTestCaseKeyword.groovy)
	at com.kms.katalon.core.keyword.internal.KeywordMain.runKeyword(KeywordMain.groovy:75)
	at com.kms.katalon.core.keyword.builtin.CallTestCaseKeyword.callTestCase(CallTestCaseKeyword.groovy:81)
	at com.kms.katalon.core.keyword.builtin.CallTestCaseKeyword.execute(CallTestCaseKeyword.groovy:44)
	at com.kms.katalon.core.keyword.internal.KeywordExecutor.executeKeywordForPlatform(KeywordExecutor.groovy:74)
	at com.kms.katalon.core.keyword.BuiltinKeywords.callTestCase(BuiltinKeywords.groovy:310)
	at java.base/jdk.internal.reflect.NativeMethodAccessorImpl.invoke0(Native Method)
	at java.base/jdk.internal.reflect.NativeMethodAccessorImpl.invoke(NativeMethodAccessorImpl.java:77)
	at java.base/jdk.internal.reflect.DelegatingMethodAccessorImpl.invoke(DelegatingMethodAccessorImpl.java:43)
	at Comprar Empaques - Agregar.run(Comprar Empaques - Agregar:136)
	at com.kms.katalon.core.main.ScriptEngine.run(ScriptEngine.java:194)
	at com.kms.katalon.core.main.ScriptEngine.runScriptAsRawText(ScriptEngine.java:119)
	at com.kms.katalon.core.main.TestCaseExecutor.runScript(TestCaseExecutor.java:448)
	at com.kms.katalon.core.main.TestCaseExecutor.doExecute(TestCaseExecutor.java:439)
	at com.kms.katalon.core.main.TestCaseExecutor.processExecutionPhase(TestCaseExecutor.java:418)
	at com.kms.katalon.core.main.TestCaseExecutor.accessMainPhase(TestCaseExecutor.java:410)
	at com.kms.katalon.core.main.TestCaseExecutor.execute(TestCaseExecutor.java:285)
	at com.kms.katalon.core.common.CommonExecutor.accessTestCaseMainPhase(CommonExecutor.java:65)
	at com.kms.katalon.core.main.TestSuiteExecutor.accessTestSuiteMainPhase(TestSuiteExecutor.java:150)
	at com.kms.katalon.core.main.TestSuiteExecutor.execute(TestSuiteExecutor.java:106)
	at com.kms.katalon.core.main.TestCaseMain.startTestSuite(TestCaseMain.java:180)
	at TempTestSuite1732767636501.run(TempTestSuite1732767636501.groovy:35)
	at java.base/jdk.internal.reflect.NativeMethodAccessorImpl.invoke0(Native Method)
	at java.base/jdk.internal.reflect.NativeMethodAccessorImpl.invoke(NativeMethodAccessorImpl.java:77)
	at java.base/jdk.internal.reflect.DelegatingMethodAccessorImpl.invoke(DelegatingMethodAccessorImpl.java:43)
Caused by: com.kms.katalon.core.webui.exception.WebElementNotFoundException: Web element with id: 'Object Repository/Comprar Empaques/Page_Olva Courier  Resultado/button_23 - 00005177' located by '//*[@id="div_container"]/form/button' not found
	at com.kms.katalon.core.webui.common.WebUiCommonHelper.findWebElement(WebUiCommonHelper.java:1419)
	at com.kms.katalon.core.webui.keyword.internal.WebUIAbstractKeyword.findWebElement(WebUIAbstractKeyword.groovy:27)
	at com.kms.katalon.core.webui.keyword.internal.WebUIAbstractKeyword.findWebElement(WebUIAbstractKeyword.groovy:26)
	at com.kms.katalon.core.webui.keyword.builtin.ScrollToElementKeyword$_scrollToElement_closure1.doCall(ScrollToElementKeyword.groovy:79)
	at com.kms.katalon.core.webui.keyword.builtin.ScrollToElementKeyword$_scrollToElement_closure1.call(ScrollToElementKeyword.groovy)
	at com.kms.katalon.core.webui.keyword.internal.WebUIKeywordMain.runKeyword(WebUIKeywordMain.groovy:35)
	at com.kms.katalon.core.webui.keyword.builtin.ScrollToElementKeyword.scrollToElement(ScrollToElementKeyword.groovy:88)
	at com.kms.katalon.core.webui.keyword.builtin.ScrollToElementKeyword.execute(ScrollToElementKeyword.groovy:68)
	at com.kms.katalon.core.keyword.internal.KeywordExecutor.executeKeywordForPlatform(KeywordExecutor.groovy:74)
	at com.kms.katalon.core.webui.keyword.WebUiBuiltInKeywords.scrollToElement(WebUiBuiltInKeywords.groovy:4133)
	at Script1732688343034.run(Script1732688343034.groovy:29)
	at com.kms.katalon.core.main.ScriptEngine.run(ScriptEngine.java:194)
	at com.kms.katalon.core.main.ScriptEngine.runScriptAsRawText(ScriptEngine.java:119)
	at com.kms.katalon.core.main.TestCaseExecutor.runScript(TestCaseExecutor.java:448)
	at com.kms.katalon.core.main.TestCaseExecutor.doExecute(TestCaseExecutor.java:439)
	at com.kms.katalon.core.main.TestCaseExecutor.processExecutionPhase(TestCaseExecutor.java:418)
	at com.kms.katalon.core.main.TestCaseExecutor.accessMainPhase(TestCaseExecutor.java:410)
	at com.kms.katalon.core.main.TestCaseExecutor.execute(TestCaseExecutor.java:285)
	at com.kms.katalon.core.main.TestCaseMain.runTestCase(TestCaseMain.java:137)
	at com.kms.katalon.core.keyword.builtin.CallTestCaseKeyword$_callTestCase_closure1.doCall(CallTestCaseKeyword.groovy:59)
	at com.kms.katalon.core.keyword.builtin.CallTestCaseKeyword$_callTestCase_closure1.call(CallTestCaseKeyword.groovy)
	at com.kms.katalon.core.keyword.internal.KeywordMain.runKeyword(KeywordMain.groovy:75)
	at com.kms.katalon.core.keyword.builtin.CallTestCaseKeyword.callTestCase(CallTestCaseKeyword.groovy:81)
	at com.kms.katalon.core.keyword.builtin.CallTestCaseKeyword.execute(CallTestCaseKeyword.groovy:44)
	at com.kms.katalon.core.keyword.internal.KeywordExecutor.executeKeywordForPlatform(KeywordExecutor.groovy:74)
	at com.kms.katalon.core.keyword.BuiltinKeywords.callTestCase(BuiltinKeywords.groovy:310)
	at java.base/jdk.internal.reflect.NativeMethodAccessorImpl.invoke0(Native Method)
	at java.base/jdk.internal.reflect.NativeMethodAccessorImpl.invoke(NativeMethodAccessorImpl.java:77)
	at java.base/jdk.internal.reflect.DelegatingMethodAccessorImpl.invoke(DelegatingMethodAccessorImpl.java:43)
	at Script1732689342164.run(Script1732689342164.groovy:136)
	... 15 more
)
	at com.kms.katalon.core.keyword.internal.KeywordMain.stepFailed(KeywordMain.groovy:39)
	at com.kms.katalon.core.webui.keyword.internal.WebUIKeywordMain.stepFailed(WebUIKeywordMain.groovy:117)
	at com.kms.katalon.core.webui.keyword.internal.WebUIKeywordMain.runKeyword(WebUIKeywordMain.groovy:43)
	at com.kms.katalon.core.webui.keyword.builtin.ScrollToElementKeyword.scrollToElement(ScrollToElementKeyword.groovy:88)
	at com.kms.katalon.core.webui.keyword.builtin.ScrollToElementKeyword.execute(ScrollToElementKeyword.groovy:68)
	at com.kms.katalon.core.keyword.internal.KeywordExecutor.executeKeywordForPlatform(KeywordExecutor.groovy:74)
	at com.kms.katalon.core.webui.keyword.WebUiBuiltInKeywords.scrollToElement(WebUiBuiltInKeywords.groovy:4133)
	at Pago-exitoso.run(Pago-exitoso:29)
	at com.kms.katalon.core.main.ScriptEngine.run(ScriptEngine.java:194)
	at com.kms.katalon.core.main.ScriptEngine.runScriptAsRawText(ScriptEngine.java:119)
	at com.kms.katalon.core.main.TestCaseExecutor.runScript(TestCaseExecutor.java:448)
	at com.kms.katalon.core.main.TestCaseExecutor.doExecute(TestCaseExecutor.java:439)
	at com.kms.katalon.core.main.TestCaseExecutor.processExecutionPhase(TestCaseExecutor.java:418)
	at com.kms.katalon.core.main.TestCaseExecutor.accessMainPhase(TestCaseExecutor.java:410)
	at com.kms.katalon.core.main.TestCaseExecutor.execute(TestCaseExecutor.java:285)
	at com.kms.katalon.core.main.TestCaseMain.runTestCase(TestCaseMain.java:137)
	at com.kms.katalon.core.keyword.builtin.CallTestCaseKeyword$_callTestCase_closure1.doCall(CallTestCaseKeyword.groovy:59)
	... 25 more
Caused by: com.kms.katalon.core.exception.StepFailedException: Unable to scroll to object 'Object Repository/Comprar Empaques/Page_Olva Courier  Resultado/button_23 - 00005177'
	... 41 more
Caused by: com.kms.katalon.core.webui.exception.WebElementNotFoundException: Web element with id: 'Object Repository/Comprar Empaques/Page_Olva Courier  Resultado/button_23 - 00005177' located by '//*[@id="div_container"]/form/button' not found
	at com.kms.katalon.core.webui.common.WebUiCommonHelper.findWebElement(WebUiCommonHelper.java:1419)
	at com.kms.katalon.core.webui.keyword.internal.WebUIAbstractKeyword.findWebElement(WebUIAbstractKeyword.groovy:27)
	at com.kms.katalon.core.webui.keyword.internal.WebUIAbstractKeyword.findWebElement(WebUIAbstractKeyword.groovy:26)
	at com.kms.katalon.core.webui.keyword.builtin.ScrollToElementKeyword$_scrollToElement_closure1.doCall(ScrollToElementKeyword.groovy:79)
	at com.kms.katalon.core.webui.keyword.builtin.ScrollToElementKeyword$_scrollToElement_closure1.call(ScrollToElementKeyword.groovy)
	at com.kms.katalon.core.webui.keyword.internal.WebUIKeywordMain.runKeyword(WebUIKeywordMain.groovy:35)
	... 39 more


27-11-2024T23:20:51 - [TEST_STEP][PASSED] - callTestCase(findTestCase("5.Empaques/1.Inicio-Empaques/Inicio-cajas"), [:], STOP_ON_FAILURE): Call Test Case 'Test Cases/5.Empaques/1.Inicio-Empaques/Inicio-cajas' successfully

27-11-2024T23:20:51 - [TEST_CASE][PASSED] - Test Cases/5.Empaques/1.Inicio-Empaques/Inicio-cajas: Test Cases/5.Empaques/1.Inicio-Empaques/Inicio-cajas

27-11-2024T23:20:51 - [TEST_STEP][PASSED] - openBrowser(""): Browser is opened with url: ''

27-11-2024T23:20:52 - [MESSAGE][INFO] - Starting 'Firefox' driver

27-11-2024T23:20:52 - [MESSAGE][INFO] - Action delay is set to 0 milliseconds

27-11-2024T23:21:06 - [MESSAGE][PASSED] - Browser is opened with url: ''

27-11-2024T23:21:06 - [TEST_STEP][PASSED] - navigateToUrl("https://dev01-registrodeenvios.olvacourier.com/principal"): Navigate to 'https://dev01-registrodeenvios.olvacourier.com/principal' successfully

27-11-2024T23:21:10 - [MESSAGE][PASSED] - Navigate to 'https://dev01-registrodeenvios.olvacourier.com/principal' successfully

27-11-2024T23:21:10 - [TEST_STEP][PASSED] - maximizeWindow(STOP_ON_FAILURE): Current window maximized

27-11-2024T23:21:10 - [MESSAGE][PASSED] - Current window maximized

27-11-2024T23:21:10 - [MESSAGE][PASSED] - Call Test Case 'Test Cases/5.Empaques/1.Inicio-Empaques/Inicio-cajas' successfully

27-11-2024T23:21:10 - [TEST_STEP][PASSED] - click(findTestObject("Object Repository/Comprar Empaques/Page_Olva Courier  Confirma tus datos/img_Envo de documentoscon un peso mximo de__8aba39")): Object: 'Object Repository/Comprar Empaques/Page_Olva Courier  Confirma tus datos/img_Envo de documentoscon un peso mximo de__8aba39' is clicked on

27-11-2024T23:21:11 - [MESSAGE][PASSED] - Object: 'Object Repository/Comprar Empaques/Page_Olva Courier  Confirma tus datos/img_Envo de documentoscon un peso mximo de__8aba39' is clicked on

27-11-2024T23:21:11 - [TEST_STEP][PASSED] - click(findTestObject("Object Repository/Comprar Empaques/Page_Olva Courier  Confirma tus datos/span_He ledo y acepto los_checkmark")): Object: 'Object Repository/Comprar Empaques/Page_Olva Courier  Confirma tus datos/span_He ledo y acepto los_checkmark' is clicked on

27-11-2024T23:21:11 - [MESSAGE][PASSED] - Object: 'Object Repository/Comprar Empaques/Page_Olva Courier  Confirma tus datos/span_He ledo y acepto los_checkmark' is clicked on

27-11-2024T23:21:11 - [TEST_STEP][PASSED] - scrollToElement(findTestObject("Object Repository/Comprar Empaques/Page_Olva Courier  Confirma tus datos/button_CONTINUAR"), 0): Scroll to object 'Object Repository/Comprar Empaques/Page_Olva Courier  Confirma tus datos/button_CONTINUAR' successfully

27-11-2024T23:21:11 - [MESSAGE][WARNING] - Timeout '0' is invalid. Using default page load timeout: '30'

27-11-2024T23:21:12 - [MESSAGE][PASSED] - Scroll to object 'Object Repository/Comprar Empaques/Page_Olva Courier  Confirma tus datos/button_CONTINUAR' successfully

27-11-2024T23:21:12 - [TEST_STEP][PASSED] - click(findTestObject("Object Repository/Comprar Empaques/Page_Olva Courier  Confirma tus datos/button_CONTINUAR")): Object: 'Object Repository/Comprar Empaques/Page_Olva Courier  Confirma tus datos/button_CONTINUAR' is clicked on

27-11-2024T23:21:13 - [MESSAGE][PASSED] - Object: 'Object Repository/Comprar Empaques/Page_Olva Courier  Confirma tus datos/button_CONTINUAR' is clicked on

27-11-2024T23:21:13 - [TEST_STEP][PASSED] - click(findTestObject("Object Repository/Comprar Empaques/Page_Olva Courier  Datos Personales/span_Tipo De Documento")): Object: 'Object Repository/Comprar Empaques/Page_Olva Courier  Datos Personales/span_Tipo De Documento' is clicked on

27-11-2024T23:21:14 - [MESSAGE][PASSED] - Object: 'Object Repository/Comprar Empaques/Page_Olva Courier  Datos Personales/span_Tipo De Documento' is clicked on

27-11-2024T23:21:14 - [TEST_STEP][PASSED] - click(findTestObject("Object Repository/Comprar Empaques/Page_Olva Courier  Datos Personales/a_RUC")): Object: 'Object Repository/Comprar Empaques/Page_Olva Courier  Datos Personales/a_RUC' is clicked on

27-11-2024T23:21:15 - [MESSAGE][PASSED] - Object: 'Object Repository/Comprar Empaques/Page_Olva Courier  Datos Personales/a_RUC' is clicked on

27-11-2024T23:21:15 - [TEST_STEP][PASSED] - setText(findTestObject("Object Repository/Comprar Empaques/Page_Olva Courier  Datos Personales/input_CARN EXT_txt_documento_cliente"), "10066810581"): Text '10066810581' is set on object 'Object Repository/Comprar Empaques/Page_Olva Courier  Datos Personales/input_CARN EXT_txt_documento_cliente'

27-11-2024T23:21:16 - [MESSAGE][PASSED] - Text '10066810581' is set on object 'Object Repository/Comprar Empaques/Page_Olva Courier  Datos Personales/input_CARN EXT_txt_documento_cliente'

27-11-2024T23:21:16 - [TEST_STEP][PASSED] - setText(findTestObject("Object Repository/Comprar Empaques/Page_Olva Courier  Datos Personales/input_CARN EXT_txt_telefono_cliente"), "900000001"): Text '900000001' is set on object 'Object Repository/Comprar Empaques/Page_Olva Courier  Datos Personales/input_CARN EXT_txt_telefono_cliente'

27-11-2024T23:21:18 - [MESSAGE][PASSED] - Text '900000001' is set on object 'Object Repository/Comprar Empaques/Page_Olva Courier  Datos Personales/input_CARN EXT_txt_telefono_cliente'

27-11-2024T23:21:18 - [TEST_STEP][PASSED] - click(findTestObject("Object Repository/Comprar Empaques/Page_Olva Courier  Datos Personales/div_Hola,")): Object: 'Object Repository/Comprar Empaques/Page_Olva Courier  Datos Personales/div_Hola,' is clicked on

27-11-2024T23:21:19 - [MESSAGE][PASSED] - Object: 'Object Repository/Comprar Empaques/Page_Olva Courier  Datos Personales/div_Hola,' is clicked on

27-11-2024T23:21:19 - [TEST_STEP][PASSED] - scrollToElement(findTestObject("Object Repository/Comprar Empaques/Page_Olva Courier  Datos Personales/button_CONTINUAR"), 0): Scroll to object 'Object Repository/Comprar Empaques/Page_Olva Courier  Datos Personales/button_CONTINUAR' successfully

27-11-2024T23:21:19 - [MESSAGE][WARNING] - Timeout '0' is invalid. Using default page load timeout: '30'

27-11-2024T23:21:19 - [MESSAGE][PASSED] - Scroll to object 'Object Repository/Comprar Empaques/Page_Olva Courier  Datos Personales/button_CONTINUAR' successfully

27-11-2024T23:21:19 - [TEST_STEP][PASSED] - click(findTestObject("Object Repository/Comprar Empaques/Page_Olva Courier  Datos Personales/button_CONTINUAR")): Object: 'Object Repository/Comprar Empaques/Page_Olva Courier  Datos Personales/button_CONTINUAR' is clicked on

27-11-2024T23:21:21 - [MESSAGE][PASSED] - Object: 'Object Repository/Comprar Empaques/Page_Olva Courier  Datos Personales/button_CONTINUAR' is clicked on

27-11-2024T23:21:21 - [TEST_STEP][PASSED] - scrollToPosition(0, 400): Browser is scrolled to position x = 0, y = 400

27-11-2024T23:21:22 - [MESSAGE][PASSED] - Browser is scrolled to position x = 0, y = 400

27-11-2024T23:21:22 - [TEST_STEP][PASSED] - click(findTestObject("Object Repository/EMPAQUE 1")): Object: 'Object Repository/EMPAQUE 1' is clicked on

27-11-2024T23:21:22 - [MESSAGE][PASSED] - Object: 'Object Repository/EMPAQUE 1' is clicked on

27-11-2024T23:21:22 - [TEST_STEP][PASSED] - click(findTestObject("Object Repository/EMPAQUE 2")): Object: 'Object Repository/EMPAQUE 2' is clicked on

27-11-2024T23:21:23 - [MESSAGE][PASSED] - Object: 'Object Repository/EMPAQUE 2' is clicked on

27-11-2024T23:21:23 - [TEST_STEP][PASSED] - click(findTestObject("Object Repository/EMPAQUE 3")): Object: 'Object Repository/EMPAQUE 3' is clicked on

27-11-2024T23:21:23 - [MESSAGE][PASSED] - Object: 'Object Repository/EMPAQUE 3' is clicked on

27-11-2024T23:21:23 - [TEST_STEP][PASSED] - scrollToElement(findTestObject("Object Repository/EMPAQUE 4"), 0): Scroll to object 'Object Repository/EMPAQUE 4' successfully

27-11-2024T23:21:23 - [MESSAGE][WARNING] - Timeout '0' is invalid. Using default page load timeout: '30'

27-11-2024T23:21:23 - [MESSAGE][PASSED] - Scroll to object 'Object Repository/EMPAQUE 4' successfully

27-11-2024T23:21:23 - [TEST_STEP][PASSED] - click(findTestObject("Object Repository/EMPAQUE 4")): Object: 'Object Repository/EMPAQUE 4' is clicked on

27-11-2024T23:21:24 - [MESSAGE][PASSED] - Object: 'Object Repository/EMPAQUE 4' is clicked on

27-11-2024T23:21:24 - [TEST_STEP][PASSED] - click(findTestObject("Object Repository/EMPAQUE 5")): Object: 'Object Repository/EMPAQUE 5' is clicked on

27-11-2024T23:21:24 - [MESSAGE][PASSED] - Object: 'Object Repository/EMPAQUE 5' is clicked on

27-11-2024T23:21:24 - [TEST_STEP][PASSED] - scrollToElement(findTestObject("Comprar Empaques/Page_Olva Courier  Datos Personales/button_CONTINUAR_empaque"), 0): Scroll to object 'Object Repository/Comprar Empaques/Page_Olva Courier  Datos Personales/button_CONTINUAR_empaque' successfully

27-11-2024T23:21:24 - [MESSAGE][WARNING] - Timeout '0' is invalid. Using default page load timeout: '30'

27-11-2024T23:21:25 - [MESSAGE][PASSED] - Scroll to object 'Object Repository/Comprar Empaques/Page_Olva Courier  Datos Personales/button_CONTINUAR_empaque' successfully

27-11-2024T23:21:25 - [TEST_STEP][PASSED] - click(findTestObject("Comprar Empaques/Page_Olva Courier  Datos Personales/button_CONTINUAR_empaque")): Object: 'Object Repository/Comprar Empaques/Page_Olva Courier  Datos Personales/button_CONTINUAR_empaque' is clicked on

27-11-2024T23:21:26 - [MESSAGE][PASSED] - Object: 'Object Repository/Comprar Empaques/Page_Olva Courier  Datos Personales/button_CONTINUAR_empaque' is clicked on

27-11-2024T23:21:26 - [TEST_STEP][PASSED] - click(findTestObject("Comprar Empaques/Page_Olva Courier  Datos Personales/a_AGREGAR EMPAQUES")): Object: 'Object Repository/Comprar Empaques/Page_Olva Courier  Datos Personales/a_AGREGAR EMPAQUES' is clicked on

27-11-2024T23:21:27 - [MESSAGE][PASSED] - Object: 'Object Repository/Comprar Empaques/Page_Olva Courier  Datos Personales/a_AGREGAR EMPAQUES' is clicked on

27-11-2024T23:21:27 - [TEST_STEP][PASSED] - scrollToElement(findTestObject("Object Repository/EMPAQUE 4"), 0): Scroll to object 'Object Repository/EMPAQUE 4' successfully

27-11-2024T23:21:27 - [MESSAGE][WARNING] - Timeout '0' is invalid. Using default page load timeout: '30'

27-11-2024T23:21:28 - [MESSAGE][PASSED] - Scroll to object 'Object Repository/EMPAQUE 4' successfully

27-11-2024T23:21:28 - [TEST_STEP][PASSED] - click(findTestObject("Object Repository/EMPAQUE 4")): Object: 'Object Repository/EMPAQUE 4' is clicked on

27-11-2024T23:21:28 - [MESSAGE][PASSED] - Object: 'Object Repository/EMPAQUE 4' is clicked on

27-11-2024T23:21:28 - [TEST_STEP][PASSED] - click(findTestObject("Object Repository/EMPAQUE 5")): Object: 'Object Repository/EMPAQUE 5' is clicked on

27-11-2024T23:21:29 - [MESSAGE][PASSED] - Object: 'Object Repository/EMPAQUE 5' is clicked on

27-11-2024T23:21:29 - [TEST_STEP][PASSED] - click(findTestObject("Object Repository/EMPAQUE 6")): Object: 'Object Repository/EMPAQUE 6' is clicked on

27-11-2024T23:21:29 - [MESSAGE][PASSED] - Object: 'Object Repository/EMPAQUE 6' is clicked on

27-11-2024T23:21:29 - [TEST_STEP][PASSED] - click(findTestObject("Object Repository/EMPAQUE 6")): Object: 'Object Repository/EMPAQUE 6' is clicked on

27-11-2024T23:21:29 - [MESSAGE][PASSED] - Object: 'Object Repository/EMPAQUE 6' is clicked on

27-11-2024T23:21:30 - [TEST_STEP][PASSED] - scrollToElement(findTestObject("Object Repository/Comprar Empaques/Page_Olva Courier  Datos Personales/button_CONTINUAR_empaque"), 0): Scroll to object 'Object Repository/Comprar Empaques/Page_Olva Courier  Datos Personales/button_CONTINUAR_empaque' successfully

27-11-2024T23:21:30 - [MESSAGE][WARNING] - Timeout '0' is invalid. Using default page load timeout: '30'

27-11-2024T23:21:30 - [MESSAGE][PASSED] - Scroll to object 'Object Repository/Comprar Empaques/Page_Olva Courier  Datos Personales/button_CONTINUAR_empaque' successfully

27-11-2024T23:21:30 - [TEST_STEP][PASSED] - click(findTestObject("Object Repository/Comprar Empaques/Page_Olva Courier  Datos Personales/button_CONTINUAR_empaque")): Object: 'Object Repository/Comprar Empaques/Page_Olva Courier  Datos Personales/button_CONTINUAR_empaque' is clicked on

27-11-2024T23:21:31 - [MESSAGE][PASSED] - Object: 'Object Repository/Comprar Empaques/Page_Olva Courier  Datos Personales/button_CONTINUAR_empaque' is clicked on

27-11-2024T23:21:31 - [TEST_STEP][PASSED] - click(findTestObject("Comprar Empaques/Page_Olva Courier  Datos Personales/a_AGREGAR EMPAQUES")): Object: 'Object Repository/Comprar Empaques/Page_Olva Courier  Datos Personales/a_AGREGAR EMPAQUES' is clicked on

27-11-2024T23:21:32 - [MESSAGE][PASSED] - Object: 'Object Repository/Comprar Empaques/Page_Olva Courier  Datos Personales/a_AGREGAR EMPAQUES' is clicked on

27-11-2024T23:21:32 - [TEST_STEP][PASSED] - scrollToElement(findTestObject("Object Repository/EMPAQUE 1"), 0): Scroll to object 'Object Repository/EMPAQUE 1' successfully

27-11-2024T23:21:32 - [MESSAGE][WARNING] - Timeout '0' is invalid. Using default page load timeout: '30'

27-11-2024T23:21:33 - [MESSAGE][PASSED] - Scroll to object 'Object Repository/EMPAQUE 1' successfully

27-11-2024T23:21:33 - [TEST_STEP][PASSED] - click(findTestObject("Object Repository/EMPAQUE 1")): Object: 'Object Repository/EMPAQUE 1' is clicked on

27-11-2024T23:21:33 - [MESSAGE][PASSED] - Object: 'Object Repository/EMPAQUE 1' is clicked on

27-11-2024T23:21:33 - [TEST_STEP][PASSED] - scrollToElement(findTestObject("Object Repository/Comprar Empaques/Page_Olva Courier  Datos Personales/button_CONTINUAR_empaque"), 0): Scroll to object 'Object Repository/Comprar Empaques/Page_Olva Courier  Datos Personales/button_CONTINUAR_empaque' successfully

27-11-2024T23:21:33 - [MESSAGE][WARNING] - Timeout '0' is invalid. Using default page load timeout: '30'

27-11-2024T23:21:34 - [MESSAGE][PASSED] - Scroll to object 'Object Repository/Comprar Empaques/Page_Olva Courier  Datos Personales/button_CONTINUAR_empaque' successfully

27-11-2024T23:21:34 - [TEST_STEP][PASSED] - click(findTestObject("Object Repository/Comprar Empaques/Page_Olva Courier  Datos Personales/button_CONTINUAR_empaque")): Object: 'Object Repository/Comprar Empaques/Page_Olva Courier  Datos Personales/button_CONTINUAR_empaque' is clicked on

27-11-2024T23:21:35 - [MESSAGE][PASSED] - Object: 'Object Repository/Comprar Empaques/Page_Olva Courier  Datos Personales/button_CONTINUAR_empaque' is clicked on

27-11-2024T23:21:35 - [TEST_STEP][PASSED] - scrollToElement(findTestObject("Object Repository/Comprar Empaques/Page_Olva Courier  Datos Personales/button_CONTINUAR_1_2"), 0): Scroll to object 'Object Repository/Comprar Empaques/Page_Olva Courier  Datos Personales/button_CONTINUAR_1_2' successfully

27-11-2024T23:21:35 - [MESSAGE][WARNING] - Timeout '0' is invalid. Using default page load timeout: '30'

27-11-2024T23:21:35 - [MESSAGE][PASSED] - Scroll to object 'Object Repository/Comprar Empaques/Page_Olva Courier  Datos Personales/button_CONTINUAR_1_2' successfully

27-11-2024T23:21:35 - [TEST_STEP][PASSED] - click(findTestObject("Object Repository/Comprar Empaques/Page_Olva Courier  Datos Personales/button_CONTINUAR_1_2")): Object: 'Object Repository/Comprar Empaques/Page_Olva Courier  Datos Personales/button_CONTINUAR_1_2' is clicked on

27-11-2024T23:21:37 - [MESSAGE][PASSED] - Object: 'Object Repository/Comprar Empaques/Page_Olva Courier  Datos Personales/button_CONTINUAR_1_2' is clicked on

27-11-2024T23:21:38 - [TEST_STEP][PASSED] - delay(3): Delayed 3 second(s)

27-11-2024T23:21:41 - [MESSAGE][PASSED] - Delayed 3 second(s)

27-11-2024T23:21:41 - [TEST_STEP][PASSED] - rightClick(findTestObject("Object Repository/Comprar Empaques/Page_Olva Courier  Datos Personales/button_LIMA - LIMA - MIRAFLORES")): Object: 'Object Repository/Comprar Empaques/Page_Olva Courier  Datos Personales/button_LIMA - LIMA - MIRAFLORES' is right clicked on

27-11-2024T23:21:41 - [MESSAGE][PASSED] - Object: 'Object Repository/Comprar Empaques/Page_Olva Courier  Datos Personales/button_LIMA - LIMA - MIRAFLORES' is right clicked on

27-11-2024T23:21:41 - [TEST_STEP][PASSED] - click(findTestObject("Object Repository/Comprar Empaques/Page_Olva Courier  Datos Personales/button_LIMA - LIMA - MIRAFLORES")): Object: 'Object Repository/Comprar Empaques/Page_Olva Courier  Datos Personales/button_LIMA - LIMA - MIRAFLORES' is clicked on

27-11-2024T23:21:42 - [MESSAGE][PASSED] - Object: 'Object Repository/Comprar Empaques/Page_Olva Courier  Datos Personales/button_LIMA - LIMA - MIRAFLORES' is clicked on

27-11-2024T23:21:42 - [TEST_STEP][PASSED] - click(findTestObject("Object Repository/Comprar Empaques/Page_Olva Courier  Datos Personales/a_CALLAO - CALLAO - CALLAO")): Object: 'Object Repository/Comprar Empaques/Page_Olva Courier  Datos Personales/a_CALLAO - CALLAO - CALLAO' is clicked on

27-11-2024T23:21:42 - [MESSAGE][PASSED] - Object: 'Object Repository/Comprar Empaques/Page_Olva Courier  Datos Personales/a_CALLAO - CALLAO - CALLAO' is clicked on

27-11-2024T23:21:42 - [TEST_STEP][PASSED] - click(findTestObject("Object Repository/Comprar Empaques/Page_Olva Courier  Datos Personales/button_Tienda")): Object: 'Object Repository/Comprar Empaques/Page_Olva Courier  Datos Personales/button_Tienda' is clicked on

27-11-2024T23:21:43 - [MESSAGE][PASSED] - Object: 'Object Repository/Comprar Empaques/Page_Olva Courier  Datos Personales/button_Tienda' is clicked on

27-11-2024T23:21:43 - [TEST_STEP][PASSED] - click(findTestObject("Object Repository/Comprar Empaques/Page_Olva Courier  Datos Personales/a_OLVA ALMACEN - AV. ARGENTINA 4458 - CALLA_89a3f6")): Object: 'Object Repository/Comprar Empaques/Page_Olva Courier  Datos Personales/a_OLVA ALMACEN - AV. ARGENTINA 4458 - CALLA_89a3f6' is clicked on

27-11-2024T23:21:44 - [MESSAGE][PASSED] - Object: 'Object Repository/Comprar Empaques/Page_Olva Courier  Datos Personales/a_OLVA ALMACEN - AV. ARGENTINA 4458 - CALLA_89a3f6' is clicked on

27-11-2024T23:21:44 - [TEST_STEP][PASSED] - click(findTestObject("Object Repository/Comprar Empaques/Page_Olva Courier  Datos Personales/button_CONTINUAR (2)")): Object: 'Object Repository/Comprar Empaques/Page_Olva Courier  Datos Personales/button_CONTINUAR (2)' is clicked on

27-11-2024T23:21:44 - [MESSAGE][PASSED] - Object: 'Object Repository/Comprar Empaques/Page_Olva Courier  Datos Personales/button_CONTINUAR (2)' is clicked on

27-11-2024T23:21:44 - [TEST_STEP][PASSED] - setText(findTestObject("Object Repository/Comprar Empaques/Page_Olva Courier  Datos Personales/input_Para el recojo de tu compra se necesi_22ff2d"), "1"): Text '1' is set on object 'Object Repository/Comprar Empaques/Page_Olva Courier  Datos Personales/input_Para el recojo de tu compra se necesi_22ff2d'

27-11-2024T23:21:45 - [MESSAGE][PASSED] - Text '1' is set on object 'Object Repository/Comprar Empaques/Page_Olva Courier  Datos Personales/input_Para el recojo de tu compra se necesi_22ff2d'

27-11-2024T23:21:45 - [TEST_STEP][PASSED] - setText(findTestObject("Object Repository/Comprar Empaques/Page_Olva Courier  Datos Personales/input_Para el recojo de tu compra se necesi_39579b"), "1"): Text '1' is set on object 'Object Repository/Comprar Empaques/Page_Olva Courier  Datos Personales/input_Para el recojo de tu compra se necesi_39579b'

27-11-2024T23:21:46 - [MESSAGE][PASSED] - Text '1' is set on object 'Object Repository/Comprar Empaques/Page_Olva Courier  Datos Personales/input_Para el recojo de tu compra se necesi_39579b'

27-11-2024T23:21:46 - [TEST_STEP][PASSED] - setText(findTestObject("Object Repository/Comprar Empaques/Page_Olva Courier  Datos Personales/input_Para el recojo de tu compra se necesi_9b4583"), "1"): Text '1' is set on object 'Object Repository/Comprar Empaques/Page_Olva Courier  Datos Personales/input_Para el recojo de tu compra se necesi_9b4583'

27-11-2024T23:21:47 - [MESSAGE][PASSED] - Text '1' is set on object 'Object Repository/Comprar Empaques/Page_Olva Courier  Datos Personales/input_Para el recojo de tu compra se necesi_9b4583'

27-11-2024T23:21:47 - [TEST_STEP][PASSED] - setText(findTestObject("Object Repository/Comprar Empaques/Page_Olva Courier  Datos Personales/input_Para el recojo de tu compra se necesi_cbc9dd"), "1"): Text '1' is set on object 'Object Repository/Comprar Empaques/Page_Olva Courier  Datos Personales/input_Para el recojo de tu compra se necesi_cbc9dd'

27-11-2024T23:21:48 - [MESSAGE][PASSED] - Text '1' is set on object 'Object Repository/Comprar Empaques/Page_Olva Courier  Datos Personales/input_Para el recojo de tu compra se necesi_cbc9dd'

27-11-2024T23:21:48 - [TEST_STEP][PASSED] - click(findTestObject("Object Repository/Comprar Empaques/Page_Olva Courier  Datos Personales/div_Aceptar")): Object: 'Object Repository/Comprar Empaques/Page_Olva Courier  Datos Personales/div_Aceptar' is clicked on

27-11-2024T23:21:49 - [MESSAGE][PASSED] - Object: 'Object Repository/Comprar Empaques/Page_Olva Courier  Datos Personales/div_Aceptar' is clicked on

27-11-2024T23:21:49 - [TEST_STEP][PASSED] - scrollToElement(findTestObject("Object Repository/Comprar Empaques/Page_Olva Courier  Datos Personales/button_PAGAR"), 0): Scroll to object 'Object Repository/Comprar Empaques/Page_Olva Courier  Datos Personales/button_PAGAR' successfully

27-11-2024T23:21:49 - [MESSAGE][WARNING] - Timeout '0' is invalid. Using default page load timeout: '30'

27-11-2024T23:21:51 - [MESSAGE][PASSED] - Scroll to object 'Object Repository/Comprar Empaques/Page_Olva Courier  Datos Personales/button_PAGAR' successfully

27-11-2024T23:21:51 - [TEST_STEP][PASSED] - verifyElementPresent(findTestObject("Object Repository/Comprar Empaques/Page_Olva Courier  Datos Personales/button_PAGAR"), 0): Object 'Object Repository/Comprar Empaques/Page_Olva Courier  Datos Personales/button_PAGAR' is present

27-11-2024T23:21:51 - [MESSAGE][WARNING] - Timeout '0' is invalid. Using default page load timeout: '30'

27-11-2024T23:21:52 - [MESSAGE][PASSED] - Object 'Object Repository/Comprar Empaques/Page_Olva Courier  Datos Personales/button_PAGAR' is present

27-11-2024T23:21:52 - [TEST_STEP][FAILED] - callTestCase(findTestCase("5.Empaques/3.Pago-Empaques/Pago-exitoso"), [:], STOP_ON_FAILURE): Unable to call Test Case 'Test Cases/5.Empaques/3.Pago-Empaques/Pago-exitoso' (Root cause: com.kms.katalon.core.exception.StepFailedException: Call Test Case 'Test Cases/5.Empaques/3.Pago-Empaques/Pago-exitoso' failed
	at com.kms.katalon.core.keyword.builtin.CallTestCaseKeyword$_callTestCase_closure1.doCall(CallTestCaseKeyword.groovy:63)
	at com.kms.katalon.core.keyword.builtin.CallTestCaseKeyword$_callTestCase_closure1.call(CallTestCaseKeyword.groovy)
	at com.kms.katalon.core.keyword.internal.KeywordMain.runKeyword(KeywordMain.groovy:75)
	at com.kms.katalon.core.keyword.builtin.CallTestCaseKeyword.callTestCase(CallTestCaseKeyword.groovy:81)
	at com.kms.katalon.core.keyword.builtin.CallTestCaseKeyword.execute(CallTestCaseKeyword.groovy:44)
	at com.kms.katalon.core.keyword.internal.KeywordExecutor.executeKeywordForPlatform(KeywordExecutor.groovy:74)
	at com.kms.katalon.core.keyword.BuiltinKeywords.callTestCase(BuiltinKeywords.groovy:310)
	at java.base/jdk.internal.reflect.NativeMethodAccessorImpl.invoke0(Native Method)
	at java.base/jdk.internal.reflect.NativeMethodAccessorImpl.invoke(NativeMethodAccessorImpl.java:77)
	at java.base/jdk.internal.reflect.DelegatingMethodAccessorImpl.invoke(DelegatingMethodAccessorImpl.java:43)
	at Comprar Empaques - Agregar.run(Comprar Empaques - Agregar:136)
	at com.kms.katalon.core.main.ScriptEngine.run(ScriptEngine.java:194)
	at com.kms.katalon.core.main.ScriptEngine.runScriptAsRawText(ScriptEngine.java:119)
	at com.kms.katalon.core.main.TestCaseExecutor.runScript(TestCaseExecutor.java:448)
	at com.kms.katalon.core.main.TestCaseExecutor.doExecute(TestCaseExecutor.java:439)
	at com.kms.katalon.core.main.TestCaseExecutor.processExecutionPhase(TestCaseExecutor.java:418)
	at com.kms.katalon.core.main.TestCaseExecutor.accessMainPhase(TestCaseExecutor.java:410)
	at com.kms.katalon.core.main.TestCaseExecutor.execute(TestCaseExecutor.java:285)
	at com.kms.katalon.core.common.CommonExecutor.accessTestCaseMainPhase(CommonExecutor.java:65)
	at com.kms.katalon.core.main.TestSuiteExecutor.accessTestSuiteMainPhase(TestSuiteExecutor.java:150)
	at com.kms.katalon.core.main.TestSuiteExecutor.execute(TestSuiteExecutor.java:106)
	at com.kms.katalon.core.main.TestCaseMain.startTestSuite(TestCaseMain.java:180)
	at TempTestSuite1732767636501.run(TempTestSuite1732767636501.groovy:35)
	at java.base/jdk.internal.reflect.NativeMethodAccessorImpl.invoke0(Native Method)
	at java.base/jdk.internal.reflect.NativeMethodAccessorImpl.invoke(NativeMethodAccessorImpl.java:77)
	at java.base/jdk.internal.reflect.DelegatingMethodAccessorImpl.invoke(DelegatingMethodAccessorImpl.java:43)
Caused by: com.kms.katalon.core.exception.StepFailedException: Unable to scroll to object 'Object Repository/Comprar Empaques/Page_Olva Courier  Resultado/button_23 - 00005177' (Root cause: com.kms.katalon.core.exception.StepFailedException: Unable to scroll to object 'Object Repository/Comprar Empaques/Page_Olva Courier  Resultado/button_23 - 00005177'
	at com.kms.katalon.core.webui.keyword.internal.WebUIKeywordMain.stepFailed(WebUIKeywordMain.groovy:117)
	at com.kms.katalon.core.webui.keyword.internal.WebUIKeywordMain.runKeyword(WebUIKeywordMain.groovy:43)
	at com.kms.katalon.core.webui.keyword.builtin.ScrollToElementKeyword.scrollToElement(ScrollToElementKeyword.groovy:88)
	at com.kms.katalon.core.webui.keyword.builtin.ScrollToElementKeyword.execute(ScrollToElementKeyword.groovy:68)
	at com.kms.katalon.core.keyword.internal.KeywordExecutor.executeKeywordForPlatform(KeywordExecutor.groovy:74)
	at com.kms.katalon.core.webui.keyword.WebUiBuiltInKeywords.scrollToElement(WebUiBuiltInKeywords.groovy:4133)
	at Pago-exitoso.run(Pago-exitoso:29)
	at com.kms.katalon.core.main.ScriptEngine.run(ScriptEngine.java:194)
	at com.kms.katalon.core.main.ScriptEngine.runScriptAsRawText(ScriptEngine.java:119)
	at com.kms.katalon.core.main.TestCaseExecutor.runScript(TestCaseExecutor.java:448)
	at com.kms.katalon.core.main.TestCaseExecutor.doExecute(TestCaseExecutor.java:439)
	at com.kms.katalon.core.main.TestCaseExecutor.processExecutionPhase(TestCaseExecutor.java:418)
	at com.kms.katalon.core.main.TestCaseExecutor.accessMainPhase(TestCaseExecutor.java:410)
	at com.kms.katalon.core.main.TestCaseExecutor.execute(TestCaseExecutor.java:285)
	at com.kms.katalon.core.main.TestCaseMain.runTestCase(TestCaseMain.java:137)
	at com.kms.katalon.core.keyword.builtin.CallTestCaseKeyword$_callTestCase_closure1.doCall(CallTestCaseKeyword.groovy:59)
	at com.kms.katalon.core.keyword.builtin.CallTestCaseKeyword$_callTestCase_closure1.call(CallTestCaseKeyword.groovy)
	at com.kms.katalon.core.keyword.internal.KeywordMain.runKeyword(KeywordMain.groovy:75)
	at com.kms.katalon.core.keyword.builtin.CallTestCaseKeyword.callTestCase(CallTestCaseKeyword.groovy:81)
	at com.kms.katalon.core.keyword.builtin.CallTestCaseKeyword.execute(CallTestCaseKeyword.groovy:44)
	at com.kms.katalon.core.keyword.internal.KeywordExecutor.executeKeywordForPlatform(KeywordExecutor.groovy:74)
	at com.kms.katalon.core.keyword.BuiltinKeywords.callTestCase(BuiltinKeywords.groovy:310)
	at java.base/jdk.internal.reflect.NativeMethodAccessorImpl.invoke0(Native Method)
	at java.base/jdk.internal.reflect.NativeMethodAccessorImpl.invoke(NativeMethodAccessorImpl.java:77)
	at java.base/jdk.internal.reflect.DelegatingMethodAccessorImpl.invoke(DelegatingMethodAccessorImpl.java:43)
	at Comprar Empaques - Agregar.run(Comprar Empaques - Agregar:136)
	at com.kms.katalon.core.main.ScriptEngine.run(ScriptEngine.java:194)
	at com.kms.katalon.core.main.ScriptEngine.runScriptAsRawText(ScriptEngine.java:119)
	at com.kms.katalon.core.main.TestCaseExecutor.runScript(TestCaseExecutor.java:448)
	at com.kms.katalon.core.main.TestCaseExecutor.doExecute(TestCaseExecutor.java:439)
	at com.kms.katalon.core.main.TestCaseExecutor.processExecutionPhase(TestCaseExecutor.java:418)
	at com.kms.katalon.core.main.TestCaseExecutor.accessMainPhase(TestCaseExecutor.java:410)
	at com.kms.katalon.core.main.TestCaseExecutor.execute(TestCaseExecutor.java:285)
	at com.kms.katalon.core.common.CommonExecutor.accessTestCaseMainPhase(CommonExecutor.java:65)
	at com.kms.katalon.core.main.TestSuiteExecutor.accessTestSuiteMainPhase(TestSuiteExecutor.java:150)
	at com.kms.katalon.core.main.TestSuiteExecutor.execute(TestSuiteExecutor.java:106)
	at com.kms.katalon.core.main.TestCaseMain.startTestSuite(TestCaseMain.java:180)
	at TempTestSuite1732767636501.run(TempTestSuite1732767636501.groovy:35)
	at java.base/jdk.internal.reflect.NativeMethodAccessorImpl.invoke0(Native Method)
	at java.base/jdk.internal.reflect.NativeMethodAccessorImpl.invoke(NativeMethodAccessorImpl.java:77)
	at java.base/jdk.internal.reflect.DelegatingMethodAccessorImpl.invoke(DelegatingMethodAccessorImpl.java:43)
Caused by: com.kms.katalon.core.webui.exception.WebElementNotFoundException: Web element with id: 'Object Repository/Comprar Empaques/Page_Olva Courier  Resultado/button_23 - 00005177' located by '//*[@id="div_container"]/form/button' not found
	at com.kms.katalon.core.webui.common.WebUiCommonHelper.findWebElement(WebUiCommonHelper.java:1419)
	at com.kms.katalon.core.webui.keyword.internal.WebUIAbstractKeyword.findWebElement(WebUIAbstractKeyword.groovy:27)
	at com.kms.katalon.core.webui.keyword.internal.WebUIAbstractKeyword.findWebElement(WebUIAbstractKeyword.groovy:26)
	at com.kms.katalon.core.webui.keyword.builtin.ScrollToElementKeyword$_scrollToElement_closure1.doCall(ScrollToElementKeyword.groovy:79)
	at com.kms.katalon.core.webui.keyword.builtin.ScrollToElementKeyword$_scrollToElement_closure1.call(ScrollToElementKeyword.groovy)
	at com.kms.katalon.core.webui.keyword.internal.WebUIKeywordMain.runKeyword(WebUIKeywordMain.groovy:35)
	at com.kms.katalon.core.webui.keyword.builtin.ScrollToElementKeyword.scrollToElement(ScrollToElementKeyword.groovy:88)
	at com.kms.katalon.core.webui.keyword.builtin.ScrollToElementKeyword.execute(ScrollToElementKeyword.groovy:68)
	at com.kms.katalon.core.keyword.internal.KeywordExecutor.executeKeywordForPlatform(KeywordExecutor.groovy:74)
	at com.kms.katalon.core.webui.keyword.WebUiBuiltInKeywords.scrollToElement(WebUiBuiltInKeywords.groovy:4133)
	at Script1732688343034.run(Script1732688343034.groovy:29)
	at com.kms.katalon.core.main.ScriptEngine.run(ScriptEngine.java:194)
	at com.kms.katalon.core.main.ScriptEngine.runScriptAsRawText(ScriptEngine.java:119)
	at com.kms.katalon.core.main.TestCaseExecutor.runScript(TestCaseExecutor.java:448)
	at com.kms.katalon.core.main.TestCaseExecutor.doExecute(TestCaseExecutor.java:439)
	at com.kms.katalon.core.main.TestCaseExecutor.processExecutionPhase(TestCaseExecutor.java:418)
	at com.kms.katalon.core.main.TestCaseExecutor.accessMainPhase(TestCaseExecutor.java:410)
	at com.kms.katalon.core.main.TestCaseExecutor.execute(TestCaseExecutor.java:285)
	at com.kms.katalon.core.main.TestCaseMain.runTestCase(TestCaseMain.java:137)
	at com.kms.katalon.core.keyword.builtin.CallTestCaseKeyword$_callTestCase_closure1.doCall(CallTestCaseKeyword.groovy:59)
	at com.kms.katalon.core.keyword.builtin.CallTestCaseKeyword$_callTestCase_closure1.call(CallTestCaseKeyword.groovy)
	at com.kms.katalon.core.keyword.internal.KeywordMain.runKeyword(KeywordMain.groovy:75)
	at com.kms.katalon.core.keyword.builtin.CallTestCaseKeyword.callTestCase(CallTestCaseKeyword.groovy:81)
	at com.kms.katalon.core.keyword.builtin.CallTestCaseKeyword.execute(CallTestCaseKeyword.groovy:44)
	at com.kms.katalon.core.keyword.internal.KeywordExecutor.executeKeywordForPlatform(KeywordExecutor.groovy:74)
	at com.kms.katalon.core.keyword.BuiltinKeywords.callTestCase(BuiltinKeywords.groovy:310)
	at java.base/jdk.internal.reflect.NativeMethodAccessorImpl.invoke0(Native Method)
	at java.base/jdk.internal.reflect.NativeMethodAccessorImpl.invoke(NativeMethodAccessorImpl.java:77)
	at java.base/jdk.internal.reflect.DelegatingMethodAccessorImpl.invoke(DelegatingMethodAccessorImpl.java:43)
	at Script1732689342164.run(Script1732689342164.groovy:136)
	... 15 more
)
	at com.kms.katalon.core.keyword.internal.KeywordMain.stepFailed(KeywordMain.groovy:39)
	at com.kms.katalon.core.webui.keyword.internal.WebUIKeywordMain.stepFailed(WebUIKeywordMain.groovy:117)
	at com.kms.katalon.core.webui.keyword.internal.WebUIKeywordMain.runKeyword(WebUIKeywordMain.groovy:43)
	at com.kms.katalon.core.webui.keyword.builtin.ScrollToElementKeyword.scrollToElement(ScrollToElementKeyword.groovy:88)
	at com.kms.katalon.core.webui.keyword.builtin.ScrollToElementKeyword.execute(ScrollToElementKeyword.groovy:68)
	at com.kms.katalon.core.keyword.internal.KeywordExecutor.executeKeywordForPlatform(KeywordExecutor.groovy:74)
	at com.kms.katalon.core.webui.keyword.WebUiBuiltInKeywords.scrollToElement(WebUiBuiltInKeywords.groovy:4133)
	at Pago-exitoso.run(Pago-exitoso:29)
	at com.kms.katalon.core.main.ScriptEngine.run(ScriptEngine.java:194)
	at com.kms.katalon.core.main.ScriptEngine.runScriptAsRawText(ScriptEngine.java:119)
	at com.kms.katalon.core.main.TestCaseExecutor.runScript(TestCaseExecutor.java:448)
	at com.kms.katalon.core.main.TestCaseExecutor.doExecute(TestCaseExecutor.java:439)
	at com.kms.katalon.core.main.TestCaseExecutor.processExecutionPhase(TestCaseExecutor.java:418)
	at com.kms.katalon.core.main.TestCaseExecutor.accessMainPhase(TestCaseExecutor.java:410)
	at com.kms.katalon.core.main.TestCaseExecutor.execute(TestCaseExecutor.java:285)
	at com.kms.katalon.core.main.TestCaseMain.runTestCase(TestCaseMain.java:137)
	at com.kms.katalon.core.keyword.builtin.CallTestCaseKeyword$_callTestCase_closure1.doCall(CallTestCaseKeyword.groovy:59)
	... 25 more
Caused by: com.kms.katalon.core.exception.StepFailedException: Unable to scroll to object 'Object Repository/Comprar Empaques/Page_Olva Courier  Resultado/button_23 - 00005177'
	... 41 more
Caused by: com.kms.katalon.core.webui.exception.WebElementNotFoundException: Web element with id: 'Object Repository/Comprar Empaques/Page_Olva Courier  Resultado/button_23 - 00005177' located by '//*[@id="div_container"]/form/button' not found
	at com.kms.katalon.core.webui.common.WebUiCommonHelper.findWebElement(WebUiCommonHelper.java:1419)
	at com.kms.katalon.core.webui.keyword.internal.WebUIAbstractKeyword.findWebElement(WebUIAbstractKeyword.groovy:27)
	at com.kms.katalon.core.webui.keyword.internal.WebUIAbstractKeyword.findWebElement(WebUIAbstractKeyword.groovy:26)
	at com.kms.katalon.core.webui.keyword.builtin.ScrollToElementKeyword$_scrollToElement_closure1.doCall(ScrollToElementKeyword.groovy:79)
	at com.kms.katalon.core.webui.keyword.builtin.ScrollToElementKeyword$_scrollToElement_closure1.call(ScrollToElementKeyword.groovy)
	at com.kms.katalon.core.webui.keyword.internal.WebUIKeywordMain.runKeyword(WebUIKeywordMain.groovy:35)
	... 39 more
)

27-11-2024T23:21:52 - [TEST_CASE][FAILED] - Test Cases/5.Empaques/3.Pago-Empaques/Pago-exitoso: Test Cases/5.Empaques/3.Pago-Empaques/Pago-exitoso FAILED.
Reason:
com.kms.katalon.core.exception.StepFailedException: Unable to scroll to object 'Object Repository/Comprar Empaques/Page_Olva Courier  Resultado/button_23 - 00005177' (Root cause: com.kms.katalon.core.exception.StepFailedException: Unable to scroll to object 'Object Repository/Comprar Empaques/Page_Olva Courier  Resultado/button_23 - 00005177'
	at com.kms.katalon.core.webui.keyword.internal.WebUIKeywordMain.stepFailed(WebUIKeywordMain.groovy:117)
	at com.kms.katalon.core.webui.keyword.internal.WebUIKeywordMain.runKeyword(WebUIKeywordMain.groovy:43)
	at com.kms.katalon.core.webui.keyword.builtin.ScrollToElementKeyword.scrollToElement(ScrollToElementKeyword.groovy:88)
	at com.kms.katalon.core.webui.keyword.builtin.ScrollToElementKeyword.execute(ScrollToElementKeyword.groovy:68)
	at com.kms.katalon.core.keyword.internal.KeywordExecutor.executeKeywordForPlatform(KeywordExecutor.groovy:74)
	at com.kms.katalon.core.webui.keyword.WebUiBuiltInKeywords.scrollToElement(WebUiBuiltInKeywords.groovy:4133)
	at Pago-exitoso.run(Pago-exitoso:29)
	at com.kms.katalon.core.main.ScriptEngine.run(ScriptEngine.java:194)
	at com.kms.katalon.core.main.ScriptEngine.runScriptAsRawText(ScriptEngine.java:119)
	at com.kms.katalon.core.main.TestCaseExecutor.runScript(TestCaseExecutor.java:448)
	at com.kms.katalon.core.main.TestCaseExecutor.doExecute(TestCaseExecutor.java:439)
	at com.kms.katalon.core.main.TestCaseExecutor.processExecutionPhase(TestCaseExecutor.java:418)
	at com.kms.katalon.core.main.TestCaseExecutor.accessMainPhase(TestCaseExecutor.java:410)
	at com.kms.katalon.core.main.TestCaseExecutor.execute(TestCaseExecutor.java:285)
	at com.kms.katalon.core.main.TestCaseMain.runTestCase(TestCaseMain.java:137)
	at com.kms.katalon.core.keyword.builtin.CallTestCaseKeyword$_callTestCase_closure1.doCall(CallTestCaseKeyword.groovy:59)
	at com.kms.katalon.core.keyword.builtin.CallTestCaseKeyword$_callTestCase_closure1.call(CallTestCaseKeyword.groovy)
	at com.kms.katalon.core.keyword.internal.KeywordMain.runKeyword(KeywordMain.groovy:75)
	at com.kms.katalon.core.keyword.builtin.CallTestCaseKeyword.callTestCase(CallTestCaseKeyword.groovy:81)
	at com.kms.katalon.core.keyword.builtin.CallTestCaseKeyword.execute(CallTestCaseKeyword.groovy:44)
	at com.kms.katalon.core.keyword.internal.KeywordExecutor.executeKeywordForPlatform(KeywordExecutor.groovy:74)
	at com.kms.katalon.core.keyword.BuiltinKeywords.callTestCase(BuiltinKeywords.groovy:310)
	at java.base/jdk.internal.reflect.NativeMethodAccessorImpl.invoke0(Native Method)
	at java.base/jdk.internal.reflect.NativeMethodAccessorImpl.invoke(NativeMethodAccessorImpl.java:77)
	at java.base/jdk.internal.reflect.DelegatingMethodAccessorImpl.invoke(DelegatingMethodAccessorImpl.java:43)
	at Comprar Empaques - Agregar.run(Comprar Empaques - Agregar:136)
	at com.kms.katalon.core.main.ScriptEngine.run(ScriptEngine.java:194)
	at com.kms.katalon.core.main.ScriptEngine.runScriptAsRawText(ScriptEngine.java:119)
	at com.kms.katalon.core.main.TestCaseExecutor.runScript(TestCaseExecutor.java:448)
	at com.kms.katalon.core.main.TestCaseExecutor.doExecute(TestCaseExecutor.java:439)
	at com.kms.katalon.core.main.TestCaseExecutor.processExecutionPhase(TestCaseExecutor.java:418)
	at com.kms.katalon.core.main.TestCaseExecutor.accessMainPhase(TestCaseExecutor.java:410)
	at com.kms.katalon.core.main.TestCaseExecutor.execute(TestCaseExecutor.java:285)
	at com.kms.katalon.core.common.CommonExecutor.accessTestCaseMainPhase(CommonExecutor.java:65)
	at com.kms.katalon.core.main.TestSuiteExecutor.accessTestSuiteMainPhase(TestSuiteExecutor.java:150)
	at com.kms.katalon.core.main.TestSuiteExecutor.execute(TestSuiteExecutor.java:106)
	at com.kms.katalon.core.main.TestCaseMain.startTestSuite(TestCaseMain.java:180)
	at TempTestSuite1732767636501.run(TempTestSuite1732767636501.groovy:35)
	at java.base/jdk.internal.reflect.NativeMethodAccessorImpl.invoke0(Native Method)
	at java.base/jdk.internal.reflect.NativeMethodAccessorImpl.invoke(NativeMethodAccessorImpl.java:77)
	at java.base/jdk.internal.reflect.DelegatingMethodAccessorImpl.invoke(DelegatingMethodAccessorImpl.java:43)
Caused by: com.kms.katalon.core.webui.exception.WebElementNotFoundException: Web element with id: 'Object Repository/Comprar Empaques/Page_Olva Courier  Resultado/button_23 - 00005177' located by '//*[@id="div_container"]/form/button' not found
	at com.kms.katalon.core.webui.common.WebUiCommonHelper.findWebElement(WebUiCommonHelper.java:1419)
	at com.kms.katalon.core.webui.keyword.internal.WebUIAbstractKeyword.findWebElement(WebUIAbstractKeyword.groovy:27)
	at com.kms.katalon.core.webui.keyword.internal.WebUIAbstractKeyword.findWebElement(WebUIAbstractKeyword.groovy:26)
	at com.kms.katalon.core.webui.keyword.builtin.ScrollToElementKeyword$_scrollToElement_closure1.doCall(ScrollToElementKeyword.groovy:79)
	at com.kms.katalon.core.webui.keyword.builtin.ScrollToElementKeyword$_scrollToElement_closure1.call(ScrollToElementKeyword.groovy)
	at com.kms.katalon.core.webui.keyword.internal.WebUIKeywordMain.runKeyword(WebUIKeywordMain.groovy:35)
	at com.kms.katalon.core.webui.keyword.builtin.ScrollToElementKeyword.scrollToElement(ScrollToElementKeyword.groovy:88)
	at com.kms.katalon.core.webui.keyword.builtin.ScrollToElementKeyword.execute(ScrollToElementKeyword.groovy:68)
	at com.kms.katalon.core.keyword.internal.KeywordExecutor.executeKeywordForPlatform(KeywordExecutor.groovy:74)
	at com.kms.katalon.core.webui.keyword.WebUiBuiltInKeywords.scrollToElement(WebUiBuiltInKeywords.groovy:4133)
	at Script1732688343034.run(Script1732688343034.groovy:29)
	at com.kms.katalon.core.main.ScriptEngine.run(ScriptEngine.java:194)
	at com.kms.katalon.core.main.ScriptEngine.runScriptAsRawText(ScriptEngine.java:119)
	at com.kms.katalon.core.main.TestCaseExecutor.runScript(TestCaseExecutor.java:448)
	at com.kms.katalon.core.main.TestCaseExecutor.doExecute(TestCaseExecutor.java:439)
	at com.kms.katalon.core.main.TestCaseExecutor.processExecutionPhase(TestCaseExecutor.java:418)
	at com.kms.katalon.core.main.TestCaseExecutor.accessMainPhase(TestCaseExecutor.java:410)
	at com.kms.katalon.core.main.TestCaseExecutor.execute(TestCaseExecutor.java:285)
	at com.kms.katalon.core.main.TestCaseMain.runTestCase(TestCaseMain.java:137)
	at com.kms.katalon.core.keyword.builtin.CallTestCaseKeyword$_callTestCase_closure1.doCall(CallTestCaseKeyword.groovy:59)
	at com.kms.katalon.core.keyword.builtin.CallTestCaseKeyword$_callTestCase_closure1.call(CallTestCaseKeyword.groovy)
	at com.kms.katalon.core.keyword.internal.KeywordMain.runKeyword(KeywordMain.groovy:75)
	at com.kms.katalon.core.keyword.builtin.CallTestCaseKeyword.callTestCase(CallTestCaseKeyword.groovy:81)
	at com.kms.katalon.core.keyword.builtin.CallTestCaseKeyword.execute(CallTestCaseKeyword.groovy:44)
	at com.kms.katalon.core.keyword.internal.KeywordExecutor.executeKeywordForPlatform(KeywordExecutor.groovy:74)
	at com.kms.katalon.core.keyword.BuiltinKeywords.callTestCase(BuiltinKeywords.groovy:310)
	at java.base/jdk.internal.reflect.NativeMethodAccessorImpl.invoke0(Native Method)
	at java.base/jdk.internal.reflect.NativeMethodAccessorImpl.invoke(NativeMethodAccessorImpl.java:77)
	at java.base/jdk.internal.reflect.DelegatingMethodAccessorImpl.invoke(DelegatingMethodAccessorImpl.java:43)
	at Script1732689342164.run(Script1732689342164.groovy:136)
	... 15 more
)
	at com.kms.katalon.core.keyword.internal.KeywordMain.stepFailed(KeywordMain.groovy:39)
	at com.kms.katalon.core.webui.keyword.internal.WebUIKeywordMain.stepFailed(WebUIKeywordMain.groovy:117)
	at com.kms.katalon.core.webui.keyword.internal.WebUIKeywordMain.runKeyword(WebUIKeywordMain.groovy:43)
	at com.kms.katalon.core.webui.keyword.builtin.ScrollToElementKeyword.scrollToElement(ScrollToElementKeyword.groovy:88)
	at com.kms.katalon.core.webui.keyword.builtin.ScrollToElementKeyword.execute(ScrollToElementKeyword.groovy:68)
	at com.kms.katalon.core.keyword.internal.KeywordExecutor.executeKeywordForPlatform(KeywordExecutor.groovy:74)
	at com.kms.katalon.core.webui.keyword.WebUiBuiltInKeywords.scrollToElement(WebUiBuiltInKeywords.groovy:4133)
	at Pago-exitoso.run(Pago-exitoso:29)
	at com.kms.katalon.core.main.ScriptEngine.run(ScriptEngine.java:194)
	at com.kms.katalon.core.main.ScriptEngine.runScriptAsRawText(ScriptEngine.java:119)
	at com.kms.katalon.core.main.TestCaseExecutor.runScript(TestCaseExecutor.java:448)
	at com.kms.katalon.core.main.TestCaseExecutor.doExecute(TestCaseExecutor.java:439)
	at com.kms.katalon.core.main.TestCaseExecutor.processExecutionPhase(TestCaseExecutor.java:418)
	at com.kms.katalon.core.main.TestCaseExecutor.accessMainPhase(TestCaseExecutor.java:410)
	at com.kms.katalon.core.main.TestCaseExecutor.execute(TestCaseExecutor.java:285)
	at com.kms.katalon.core.main.TestCaseMain.runTestCase(TestCaseMain.java:137)
	at com.kms.katalon.core.keyword.builtin.CallTestCaseKeyword$_callTestCase_closure1.doCall(CallTestCaseKeyword.groovy:59)
	at com.kms.katalon.core.keyword.builtin.CallTestCaseKeyword$_callTestCase_closure1.call(CallTestCaseKeyword.groovy)
	at com.kms.katalon.core.keyword.internal.KeywordMain.runKeyword(KeywordMain.groovy:75)
	at com.kms.katalon.core.keyword.builtin.CallTestCaseKeyword.callTestCase(CallTestCaseKeyword.groovy:81)
	at com.kms.katalon.core.keyword.builtin.CallTestCaseKeyword.execute(CallTestCaseKeyword.groovy:44)
	at com.kms.katalon.core.keyword.internal.KeywordExecutor.executeKeywordForPlatform(KeywordExecutor.groovy:74)
	at com.kms.katalon.core.keyword.BuiltinKeywords.callTestCase(BuiltinKeywords.groovy:310)
	at java.base/jdk.internal.reflect.NativeMethodAccessorImpl.invoke0(Native Method)
	at java.base/jdk.internal.reflect.NativeMethodAccessorImpl.invoke(NativeMethodAccessorImpl.java:77)
	at java.base/jdk.internal.reflect.DelegatingMethodAccessorImpl.invoke(DelegatingMethodAccessorImpl.java:43)
	at Comprar Empaques - Agregar.run(Comprar Empaques - Agregar:136)
	at com.kms.katalon.core.main.ScriptEngine.run(ScriptEngine.java:194)
	at com.kms.katalon.core.main.ScriptEngine.runScriptAsRawText(ScriptEngine.java:119)
	at com.kms.katalon.core.main.TestCaseExecutor.runScript(TestCaseExecutor.java:448)
	at com.kms.katalon.core.main.TestCaseExecutor.doExecute(TestCaseExecutor.java:439)
	at com.kms.katalon.core.main.TestCaseExecutor.processExecutionPhase(TestCaseExecutor.java:418)
	at com.kms.katalon.core.main.TestCaseExecutor.accessMainPhase(TestCaseExecutor.java:410)
	at com.kms.katalon.core.main.TestCaseExecutor.execute(TestCaseExecutor.java:285)
	at com.kms.katalon.core.common.CommonExecutor.accessTestCaseMainPhase(CommonExecutor.java:65)
	at com.kms.katalon.core.main.TestSuiteExecutor.accessTestSuiteMainPhase(TestSuiteExecutor.java:150)
	at com.kms.katalon.core.main.TestSuiteExecutor.execute(TestSuiteExecutor.java:106)
	at com.kms.katalon.core.main.TestCaseMain.startTestSuite(TestCaseMain.java:180)
	at TempTestSuite1732767636501.run(TempTestSuite1732767636501.groovy:35)
	at java.base/jdk.internal.reflect.NativeMethodAccessorImpl.invoke0(Native Method)
	at java.base/jdk.internal.reflect.NativeMethodAccessorImpl.invoke(NativeMethodAccessorImpl.java:77)
	at java.base/jdk.internal.reflect.DelegatingMethodAccessorImpl.invoke(DelegatingMethodAccessorImpl.java:43)
Caused by: com.kms.katalon.core.exception.StepFailedException: Unable to scroll to object 'Object Repository/Comprar Empaques/Page_Olva Courier  Resultado/button_23 - 00005177'
	... 41 more
Caused by: com.kms.katalon.core.webui.exception.WebElementNotFoundException: Web element with id: 'Object Repository/Comprar Empaques/Page_Olva Courier  Resultado/button_23 - 00005177' located by '//*[@id="div_container"]/form/button' not found
	at com.kms.katalon.core.webui.common.WebUiCommonHelper.findWebElement(WebUiCommonHelper.java:1419)
	at com.kms.katalon.core.webui.keyword.internal.WebUIAbstractKeyword.findWebElement(WebUIAbstractKeyword.groovy:27)
	at com.kms.katalon.core.webui.keyword.internal.WebUIAbstractKeyword.findWebElement(WebUIAbstractKeyword.groovy:26)
	at com.kms.katalon.core.webui.keyword.builtin.ScrollToElementKeyword$_scrollToElement_closure1.doCall(ScrollToElementKeyword.groovy:79)
	at com.kms.katalon.core.webui.keyword.builtin.ScrollToElementKeyword$_scrollToElement_closure1.call(ScrollToElementKeyword.groovy)
	at com.kms.katalon.core.webui.keyword.internal.WebUIKeywordMain.runKeyword(WebUIKeywordMain.groovy:35)
	... 39 more


27-11-2024T23:21:52 - [TEST_STEP][PASSED] - verifyElementPresent(findTestObject("Object Repository/pago/Page_Olva Courier  Medios de pago/div_Pago con tarjeta de crdito, dbito y Yape"), 0): Object 'Object Repository/pago/Page_Olva Courier  Medios de pago/div_Pago con tarjeta de crdito, dbito y Yape' is present

27-11-2024T23:21:52 - [MESSAGE][WARNING] - Timeout '0' is invalid. Using default page load timeout: '30'

27-11-2024T23:21:52 - [MESSAGE][PASSED] - Object 'Object Repository/pago/Page_Olva Courier  Medios de pago/div_Pago con tarjeta de crdito, dbito y Yape' is present

27-11-2024T23:21:52 - [TEST_STEP][PASSED] - verifyElementPresent(findTestObject("Object Repository/pago/Page_Olva Courier  Medios de pago/td_S"), 0): Object 'Object Repository/pago/Page_Olva Courier  Medios de pago/td_S' is present

27-11-2024T23:21:52 - [MESSAGE][WARNING] - Timeout '0' is invalid. Using default page load timeout: '30'

27-11-2024T23:21:53 - [MESSAGE][PASSED] - Object 'Object Repository/pago/Page_Olva Courier  Medios de pago/td_S' is present

27-11-2024T23:21:53 - [TEST_STEP][PASSED] - click(findTestObject("Object Repository/pago/Page_Olva Courier  Medios de pago/button_PAGAR")): Object: 'Object Repository/pago/Page_Olva Courier  Medios de pago/button_PAGAR' is clicked on

27-11-2024T23:21:53 - [MESSAGE][PASSED] - Object: 'Object Repository/pago/Page_Olva Courier  Medios de pago/button_PAGAR' is clicked on

27-11-2024T23:21:53 - [TEST_STEP][PASSED] - delay(3): Delayed 3 second(s)

27-11-2024T23:21:56 - [MESSAGE][PASSED] - Delayed 3 second(s)

27-11-2024T23:21:56 - [TEST_STEP][FAILED] - scrollToElement(findTestObject("Comprar Empaques/Page_Olva Courier  Resultado/button_23 - 00005177"), 0, CONTINUE_ON_FAILURE): Unable to scroll to object 'Object Repository/Comprar Empaques/Page_Olva Courier  Resultado/button_23 - 00005177' (Root cause: com.kms.katalon.core.exception.StepFailedException: Unable to scroll to object 'Object Repository/Comprar Empaques/Page_Olva Courier  Resultado/button_23 - 00005177'
	at com.kms.katalon.core.webui.keyword.internal.WebUIKeywordMain.stepFailed(WebUIKeywordMain.groovy:117)
	at com.kms.katalon.core.webui.keyword.internal.WebUIKeywordMain.runKeyword(WebUIKeywordMain.groovy:43)
	at com.kms.katalon.core.webui.keyword.builtin.ScrollToElementKeyword.scrollToElement(ScrollToElementKeyword.groovy:88)
	at com.kms.katalon.core.webui.keyword.builtin.ScrollToElementKeyword.execute(ScrollToElementKeyword.groovy:68)
	at com.kms.katalon.core.keyword.internal.KeywordExecutor.executeKeywordForPlatform(KeywordExecutor.groovy:74)
	at com.kms.katalon.core.webui.keyword.WebUiBuiltInKeywords.scrollToElement(WebUiBuiltInKeywords.groovy:4133)
	at Pago-exitoso.run(Pago-exitoso:29)
	at com.kms.katalon.core.main.ScriptEngine.run(ScriptEngine.java:194)
	at com.kms.katalon.core.main.ScriptEngine.runScriptAsRawText(ScriptEngine.java:119)
	at com.kms.katalon.core.main.TestCaseExecutor.runScript(TestCaseExecutor.java:448)
	at com.kms.katalon.core.main.TestCaseExecutor.doExecute(TestCaseExecutor.java:439)
	at com.kms.katalon.core.main.TestCaseExecutor.processExecutionPhase(TestCaseExecutor.java:418)
	at com.kms.katalon.core.main.TestCaseExecutor.accessMainPhase(TestCaseExecutor.java:410)
	at com.kms.katalon.core.main.TestCaseExecutor.execute(TestCaseExecutor.java:285)
	at com.kms.katalon.core.main.TestCaseMain.runTestCase(TestCaseMain.java:137)
	at com.kms.katalon.core.keyword.builtin.CallTestCaseKeyword$_callTestCase_closure1.doCall(CallTestCaseKeyword.groovy:59)
	at com.kms.katalon.core.keyword.builtin.CallTestCaseKeyword$_callTestCase_closure1.call(CallTestCaseKeyword.groovy)
	at com.kms.katalon.core.keyword.internal.KeywordMain.runKeyword(KeywordMain.groovy:75)
	at com.kms.katalon.core.keyword.builtin.CallTestCaseKeyword.callTestCase(CallTestCaseKeyword.groovy:81)
	at com.kms.katalon.core.keyword.builtin.CallTestCaseKeyword.execute(CallTestCaseKeyword.groovy:44)
	at com.kms.katalon.core.keyword.internal.KeywordExecutor.executeKeywordForPlatform(KeywordExecutor.groovy:74)
	at com.kms.katalon.core.keyword.BuiltinKeywords.callTestCase(BuiltinKeywords.groovy:310)
	at java.base/jdk.internal.reflect.NativeMethodAccessorImpl.invoke0(Native Method)
	at java.base/jdk.internal.reflect.NativeMethodAccessorImpl.invoke(NativeMethodAccessorImpl.java:77)
	at java.base/jdk.internal.reflect.DelegatingMethodAccessorImpl.invoke(DelegatingMethodAccessorImpl.java:43)
	at Comprar Empaques - Agregar.run(Comprar Empaques - Agregar:136)
	at com.kms.katalon.core.main.ScriptEngine.run(ScriptEngine.java:194)
	at com.kms.katalon.core.main.ScriptEngine.runScriptAsRawText(ScriptEngine.java:119)
[...]
	at com.kms.katalon.core.main.TestCaseExecutor.doExecute(TestCaseExecutor.java:439)
	at com.kms.katalon.core.main.TestCaseExecutor.processExecutionPhase(TestCaseExecutor.java:418)
	at com.kms.katalon.core.main.TestCaseExecutor.accessMainPhase(TestCaseExecutor.java:410)
	at com.kms.katalon.core.main.TestCaseExecutor.execute(TestCaseExecutor.java:285)
	at com.kms.katalon.core.common.CommonExecutor.accessTestCaseMainPhase(CommonExecutor.java:65)
	at com.kms.katalon.core.main.TestSuiteExecutor.accessTestSuiteMainPhase(TestSuiteExecutor.java:150)
	at com.kms.katalon.core.main.TestSuiteExecutor.execute(TestSuiteExecutor.java:106)
	at com.kms.katalon.core.main.TestCaseMain.startTestSuite(TestCaseMain.java:180)
	at TempTestSuite1732767636501.run(TempTestSuite1732767636501.groovy:35)
	at java.base/jdk.internal.reflect.NativeMethodAccessorImpl.invoke0(Native Method)
	at java.base/jdk.internal.reflect.NativeMethodAccessorImpl.invoke(NativeMethodAccessorImpl.java:77)
	at java.base/jdk.internal.reflect.DelegatingMethodAccessorImpl.invoke(DelegatingMethodAccessorImpl.java:43)
Caused by: com.kms.katalon.core.webui.exception.WebElementNotFoundException: Web element with id: 'Object Repository/Comprar Empaques/Page_Olva Courier  Resultado/button_23 - 00005177' located by '//*[@id="div_container"]/form/button' not found
	at com.kms.katalon.core.webui.common.WebUiCommonHelper.findWebElement(WebUiCommonHelper.java:1419)
	at com.kms.katalon.core.webui.keyword.internal.WebUIAbstractKeyword.findWebElement(WebUIAbstractKeyword.groovy:27)
	at com.kms.katalon.core.webui.keyword.internal.WebUIAbstractKeyword.findWebElement(WebUIAbstractKeyword.groovy:26)
	at com.kms.katalon.core.webui.keyword.builtin.ScrollToElementKeyword$_scrollToElement_closure1.doCall(ScrollToElementKeyword.groovy:79)
	at com.kms.katalon.core.webui.keyword.builtin.ScrollToElementKeyword$_scrollToElement_closure1.call(ScrollToElementKeyword.groovy)
	at com.kms.katalon.core.webui.keyword.internal.WebUIKeywordMain.runKeyword(WebUIKeywordMain.groovy:35)
	at com.kms.katalon.core.webui.keyword.builtin.ScrollToElementKeyword.scrollToElement(ScrollToElementKeyword.groovy:88)
	at com.kms.katalon.core.webui.keyword.builtin.ScrollToElementKeyword.execute(ScrollToElementKeyword.groovy:68)
	at com.kms.katalon.core.keyword.internal.KeywordExecutor.executeKeywordForPlatform(KeywordExecutor.groovy:74)
	at com.kms.katalon.core.webui.keyword.WebUiBuiltInKeywords.scrollToElement(WebUiBuiltInKeywords.groovy:4133)
	at Script1732688343034.run(Script1732688343034.groovy:29)
	at com.kms.katalon.core.main.ScriptEngine.run(ScriptEngine.java:194)
	at com.kms.katalon.core.main.ScriptEngine.runScriptAsRawText(ScriptEngine.java:119)
	at com.kms.katalon.core.main.TestCaseExecutor.runScript(TestCaseExecutor.java:448)
	at com.kms.katalon.core.main.TestCaseExecutor.doExecute(TestCaseExecutor.java:439)
	at com.kms.katalon.core.main.TestCaseExecutor.processExecutionPhase(TestCaseExecutor.java:418)
	at com.kms.katalon.core.main.TestCaseExecutor.accessMainPhase(TestCaseExecutor.java:410)
	at com.kms.katalon.core.main.TestCaseExecutor.execute(TestCaseExecutor.java:285)
	at com.kms.katalon.core.main.TestCaseMain.runTestCase(TestCaseMain.java:137)
	at com.kms.katalon.core.keyword.builtin.CallTestCaseKeyword$_callTestCase_closure1.doCall(CallTestCaseKeyword.groovy:59)
	at com.kms.katalon.core.keyword.builtin.CallTestCaseKeyword$_callTestCase_closure1.call(CallTestCaseKeyword.groovy)
	at com.kms.katalon.core.keyword.internal.KeywordMain.runKeyword(KeywordMain.groovy:75)
	at com.kms.katalon.core.keyword.builtin.CallTestCaseKeyword.callTestCase(CallTestCaseKeyword.groovy:81)
	at com.kms.katalon.core.keyword.builtin.CallTestCaseKeyword.execute(CallTestCaseKeyword.groovy:44)
	at com.kms.katalon.core.keyword.internal.KeywordExecutor.executeKeywordForPlatform(KeywordExecutor.groovy:74)
	at com.kms.katalon.core.keyword.BuiltinKeywords.callTestCase(BuiltinKeywords.groovy:310)
	at java.base/jdk.internal.reflect.NativeMethodAccessorImpl.invoke0(Native Method)
	at java.base/jdk.internal.reflect.NativeMethodAccessorImpl.invoke(NativeMethodAccessorImpl.java:77)
	at java.base/jdk.internal.reflect.DelegatingMethodAccessorImpl.invoke(DelegatingMethodAccessorImpl.java:43)
	at Script1732689342164.run(Script1732689342164.groovy:136)
	... 15 more
)
	at com.kms.katalon.core.keyword.internal.KeywordMain.stepFailed(KeywordMain.groovy:39)
	at com.kms.katalon.core.webui.keyword.internal.WebUIKeywordMain.stepFailed(WebUIKeywordMain.groovy:117)
	at com.kms.katalon.core.webui.keyword.internal.WebUIKeywordMain.runKeyword(WebUIKeywordMain.groovy:43)
	at com.kms.katalon.core.webui.keyword.builtin.ScrollToElementKeyword.scrollToElement(ScrollToElementKeyword.groovy:88)
	at com.kms.katalon.core.webui.keyword.builtin.ScrollToElementKeyword.execute(ScrollToElementKeyword.groovy:68)
	at com.kms.katalon.core.keyword.internal.KeywordExecutor.executeKeywordForPlatform(KeywordExecutor.groovy:74)
	at com.kms.katalon.core.webui.keyword.WebUiBuiltInKeywords.scrollToElement(WebUiBuiltInKeywords.groovy:4133)
	at Pago-exitoso.run(Pago-exitoso:29)
	at com.kms.katalon.core.main.ScriptEngine.run(ScriptEngine.java:194)
	at com.kms.katalon.core.main.ScriptEngine.runScriptAsRawText(ScriptEngine.java:119)
	at com.kms.katalon.core.main.TestCaseExecutor.runScript(TestCaseExecutor.java:448)
	at com.kms.katalon.core.main.TestCaseExecutor.doExecute(TestCaseExecutor.java:439)
	at com.kms.katalon.core.main.TestCaseExecutor.processExecutionPhase(TestCaseExecutor.java:418)
	at com.kms.katalon.core.main.TestCaseExecutor.accessMainPhase(TestCaseExecutor.java:410)
	at com.kms.katalon.core.main.TestCaseExecutor.execute(TestCaseExecutor.java:285)
	at com.kms.katalon.core.main.TestCaseMain.runTestCase(TestCaseMain.java:137)
	at com.kms.katalon.core.keyword.builtin.CallTestCaseKeyword$_callTestCase_closure1.doCall(CallTestCaseKeyword.groovy:59)
	... 25 more
Caused by: com.kms.katalon.core.exception.StepFailedException: Unable to scroll to object 'Object Repository/Comprar Empaques/Page_Olva Courier  Resultado/button_23 - 00005177'
	... 41 more
Caused by: com.kms.katalon.core.webui.exception.WebElementNotFoundException: Web element with id: 'Object Repository/Comprar Empaques/Page_Olva Courier  Resultado/button_23 - 00005177' located by '//*[@id="div_container"]/form/button' not found
	at com.kms.katalon.core.webui.common.WebUiCommonHelper.findWebElement(WebUiCommonHelper.java:1419)
	at com.kms.katalon.core.webui.keyword.internal.WebUIAbstractKeyword.findWebElement(WebUIAbstractKeyword.groovy:27)
	at com.kms.katalon.core.webui.keyword.internal.WebUIAbstractKeyword.findWebElement(WebUIAbstractKeyword.groovy:26)
	at com.kms.katalon.core.webui.keyword.builtin.ScrollToElementKeyword$_scrollToElement_closure1.doCall(ScrollToElementKeyword.groovy:79)
	at com.kms.katalon.core.webui.keyword.builtin.ScrollToElementKeyword$_scrollToElement_closure1.call(ScrollToElementKeyword.groovy)
	at com.kms.katalon.core.webui.keyword.internal.WebUIKeywordMain.runKeyword(WebUIKeywordMain.groovy:35)
	... 39 more]]></system-out>
      <system-err><![CDATA[27-11-2024T23:20:50 - [TEST_SUITE][FAILED] - Empaques: Test Cases/5.Empaques/4.Positivas/Comprar Empaques - Agregar FAILED.
Reason:
com.kms.katalon.core.exception.StepFailedException: Call Test Case 'Test Cases/5.Empaques/3.Pago-Empaques/Pago-exitoso' failed
	at com.kms.katalon.core.keyword.builtin.CallTestCaseKeyword$_callTestCase_closure1.doCall(CallTestCaseKeyword.groovy:63)
	at com.kms.katalon.core.keyword.builtin.CallTestCaseKeyword$_callTestCase_closure1.call(CallTestCaseKeyword.groovy)
	at com.kms.katalon.core.keyword.internal.KeywordMain.runKeyword(KeywordMain.groovy:75)
	at com.kms.katalon.core.keyword.builtin.CallTestCaseKeyword.callTestCase(CallTestCaseKeyword.groovy:81)
	at com.kms.katalon.core.keyword.builtin.CallTestCaseKeyword.execute(CallTestCaseKeyword.groovy:44)
	at com.kms.katalon.core.keyword.internal.KeywordExecutor.executeKeywordForPlatform(KeywordExecutor.groovy:74)
	at com.kms.katalon.core.keyword.BuiltinKeywords.callTestCase(BuiltinKeywords.groovy:310)
	at java.base/jdk.internal.reflect.NativeMethodAccessorImpl.invoke0(Native Method)
	at java.base/jdk.internal.reflect.NativeMethodAccessorImpl.invoke(NativeMethodAccessorImpl.java:77)
	at java.base/jdk.internal.reflect.DelegatingMethodAccessorImpl.invoke(DelegatingMethodAccessorImpl.java:43)
	at Comprar Empaques - Agregar.run(Comprar Empaques - Agregar:136)
	at com.kms.katalon.core.main.ScriptEngine.run(ScriptEngine.java:194)
	at com.kms.katalon.core.main.ScriptEngine.runScriptAsRawText(ScriptEngine.java:119)
	at com.kms.katalon.core.main.TestCaseExecutor.runScript(TestCaseExecutor.java:448)
	at com.kms.katalon.core.main.TestCaseExecutor.doExecute(TestCaseExecutor.java:439)
	at com.kms.katalon.core.main.TestCaseExecutor.processExecutionPhase(TestCaseExecutor.java:418)
	at com.kms.katalon.core.main.TestCaseExecutor.accessMainPhase(TestCaseExecutor.java:410)
	at com.kms.katalon.core.main.TestCaseExecutor.execute(TestCaseExecutor.java:285)
	at com.kms.katalon.core.common.CommonExecutor.accessTestCaseMainPhase(CommonExecutor.java:65)
	at com.kms.katalon.core.main.TestSuiteExecutor.accessTestSuiteMainPhase(TestSuiteExecutor.java:150)
	at com.kms.katalon.core.main.TestSuiteExecutor.execute(TestSuiteExecutor.java:106)
	at com.kms.katalon.core.main.TestCaseMain.startTestSuite(TestCaseMain.java:180)
	at TempTestSuite1732767636501.run(TempTestSuite1732767636501.groovy:35)
	at java.base/jdk.internal.reflect.NativeMethodAccessorImpl.invoke0(Native Method)
	at java.base/jdk.internal.reflect.NativeMethodAccessorImpl.invoke(NativeMethodAccessorImpl.java:77)
	at java.base/jdk.internal.reflect.DelegatingMethodAccessorImpl.invoke(DelegatingMethodAccessorImpl.java:43)
Caused by: com.kms.katalon.core.exception.StepFailedException: Unable to scroll to object 'Object Repository/Comprar Empaques/Page_Olva Courier  Resultado/button_23 - 00005177' (Root cause: com.kms.katalon.core.exception.StepFailedException: Unable to scroll to object 'Object Repository/Comprar Empaques/Page_Olva Courier  Resultado/button_23 - 00005177'
	at com.kms.katalon.core.webui.keyword.internal.WebUIKeywordMain.stepFailed(WebUIKeywordMain.groovy:117)
	at com.kms.katalon.core.webui.keyword.internal.WebUIKeywordMain.runKeyword(WebUIKeywordMain.groovy:43)
	at com.kms.katalon.core.webui.keyword.builtin.ScrollToElementKeyword.scrollToElement(ScrollToElementKeyword.groovy:88)
	at com.kms.katalon.core.webui.keyword.builtin.ScrollToElementKeyword.execute(ScrollToElementKeyword.groovy:68)
	at com.kms.katalon.core.keyword.internal.KeywordExecutor.executeKeywordForPlatform(KeywordExecutor.groovy:74)
	at com.kms.katalon.core.webui.keyword.WebUiBuiltInKeywords.scrollToElement(WebUiBuiltInKeywords.groovy:4133)
	at Pago-exitoso.run(Pago-exitoso:29)
	at com.kms.katalon.core.main.ScriptEngine.run(ScriptEngine.java:194)
	at com.kms.katalon.core.main.ScriptEngine.runScriptAsRawText(ScriptEngine.java:119)
	at com.kms.katalon.core.main.TestCaseExecutor.runScript(TestCaseExecutor.java:448)
	at com.kms.katalon.core.main.TestCaseExecutor.doExecute(TestCaseExecutor.java:439)
	at com.kms.katalon.core.main.TestCaseExecutor.processExecutionPhase(TestCaseExecutor.java:418)
	at com.kms.katalon.core.main.TestCaseExecutor.accessMainPhase(TestCaseExecutor.java:410)
	at com.kms.katalon.core.main.TestCaseExecutor.execute(TestCaseExecutor.java:285)
	at com.kms.katalon.core.main.TestCaseMain.runTestCase(TestCaseMain.java:137)
	at com.kms.katalon.core.keyword.builtin.CallTestCaseKeyword$_callTestCase_closure1.doCall(CallTestCaseKeyword.groovy:59)
	at com.kms.katalon.core.keyword.builtin.CallTestCaseKeyword$_callTestCase_closure1.call(CallTestCaseKeyword.groovy)
	at com.kms.katalon.core.keyword.internal.KeywordMain.runKeyword(KeywordMain.groovy:75)
	at com.kms.katalon.core.keyword.builtin.CallTestCaseKeyword.callTestCase(CallTestCaseKeyword.groovy:81)
	at com.kms.katalon.core.keyword.builtin.CallTestCaseKeyword.execute(CallTestCaseKeyword.groovy:44)
	at com.kms.katalon.core.keyword.internal.KeywordExecutor.executeKeywordForPlatform(KeywordExecutor.groovy:74)
	at com.kms.katalon.core.keyword.BuiltinKeywords.callTestCase(BuiltinKeywords.groovy:310)
	at java.base/jdk.internal.reflect.NativeMethodAccessorImpl.invoke0(Native Method)
	at java.base/jdk.internal.reflect.NativeMethodAccessorImpl.invoke(NativeMethodAccessorImpl.java:77)
	at java.base/jdk.internal.reflect.DelegatingMethodAccessorImpl.invoke(DelegatingMethodAccessorImpl.java:43)
	at Comprar Empaques - Agregar.run(Comprar Empaques - Agregar:136)
	at com.kms.katalon.core.main.ScriptEngine.run(ScriptEngine.java:194)
	at com.kms.katalon.core.main.ScriptEngine.runScriptAsRawText(ScriptEngine.java:119)
	at com.kms.katalon.core.main.TestCaseExecutor.runScript(TestCaseExecutor.java:448)
	at com.kms.katalon.core.main.TestCaseExecutor.doExecute(TestCaseExecutor.java:439)
	at com.kms.katalon.core.main.TestCaseExecutor.processExecutionPhase(TestCaseExecutor.java:418)
	at com.kms.katalon.core.main.TestCaseExecutor.accessMainPhase(TestCaseExecutor.java:410)
	at com.kms.katalon.core.main.TestCaseExecutor.execute(TestCaseExecutor.java:285)
	at com.kms.katalon.core.common.CommonExecutor.accessTestCaseMainPhase(CommonExecutor.java:65)
	at com.kms.katalon.core.main.TestSuiteExecutor.accessTestSuiteMainPhase(TestSuiteExecutor.java:150)
	at com.kms.katalon.core.main.TestSuiteExecutor.execute(TestSuiteExecutor.java:106)
	at com.kms.katalon.core.main.TestCaseMain.startTestSuite(TestCaseMain.java:180)
	at TempTestSuite1732767636501.run(TempTestSuite1732767636501.groovy:35)
	at java.base/jdk.internal.reflect.NativeMethodAccessorImpl.invoke0(Native Method)
	at java.base/jdk.internal.reflect.NativeMethodAccessorImpl.invoke(NativeMethodAccessorImpl.java:77)
	at java.base/jdk.internal.reflect.DelegatingMethodAccessorImpl.invoke(DelegatingMethodAccessorImpl.java:43)
Caused by: com.kms.katalon.core.webui.exception.WebElementNotFoundException: Web element with id: 'Object Repository/Comprar Empaques/Page_Olva Courier  Resultado/button_23 - 00005177' located by '//*[@id="div_container"]/form/button' not found
	at com.kms.katalon.core.webui.common.WebUiCommonHelper.findWebElement(WebUiCommonHelper.java:1419)
	at com.kms.katalon.core.webui.keyword.internal.WebUIAbstractKeyword.findWebElement(WebUIAbstractKeyword.groovy:27)
	at com.kms.katalon.core.webui.keyword.internal.WebUIAbstractKeyword.findWebElement(WebUIAbstractKeyword.groovy:26)
	at com.kms.katalon.core.webui.keyword.builtin.ScrollToElementKeyword$_scrollToElement_closure1.doCall(ScrollToElementKeyword.groovy:79)
	at com.kms.katalon.core.webui.keyword.builtin.ScrollToElementKeyword$_scrollToElement_closure1.call(ScrollToElementKeyword.groovy)
	at com.kms.katalon.core.webui.keyword.internal.WebUIKeywordMain.runKeyword(WebUIKeywordMain.groovy:35)
	at com.kms.katalon.core.webui.keyword.builtin.ScrollToElementKeyword.scrollToElement(ScrollToElementKeyword.groovy:88)
	at com.kms.katalon.core.webui.keyword.builtin.ScrollToElementKeyword.execute(ScrollToElementKeyword.groovy:68)
	at com.kms.katalon.core.keyword.internal.KeywordExecutor.executeKeywordForPlatform(KeywordExecutor.groovy:74)
	at com.kms.katalon.core.webui.keyword.WebUiBuiltInKeywords.scrollToElement(WebUiBuiltInKeywords.groovy:4133)
	at Script1732688343034.run(Script1732688343034.groovy:29)
	at com.kms.katalon.core.main.ScriptEngine.run(ScriptEngine.java:194)
	at com.kms.katalon.core.main.ScriptEngine.runScriptAsRawText(ScriptEngine.java:119)
	at com.kms.katalon.core.main.TestCaseExecutor.runScript(TestCaseExecutor.java:448)
	at com.kms.katalon.core.main.TestCaseExecutor.doExecute(TestCaseExecutor.java:439)
	at com.kms.katalon.core.main.TestCaseExecutor.processExecutionPhase(TestCaseExecutor.java:418)
	at com.kms.katalon.core.main.TestCaseExecutor.accessMainPhase(TestCaseExecutor.java:410)
	at com.kms.katalon.core.main.TestCaseExecutor.execute(TestCaseExecutor.java:285)
	at com.kms.katalon.core.main.TestCaseMain.runTestCase(TestCaseMain.java:137)
	at com.kms.katalon.core.keyword.builtin.CallTestCaseKeyword$_callTestCase_closure1.doCall(CallTestCaseKeyword.groovy:59)
	at com.kms.katalon.core.keyword.builtin.CallTestCaseKeyword$_callTestCase_closure1.call(CallTestCaseKeyword.groovy)
	at com.kms.katalon.core.keyword.internal.KeywordMain.runKeyword(KeywordMain.groovy:75)
	at com.kms.katalon.core.keyword.builtin.CallTestCaseKeyword.callTestCase(CallTestCaseKeyword.groovy:81)
	at com.kms.katalon.core.keyword.builtin.CallTestCaseKeyword.execute(CallTestCaseKeyword.groovy:44)
	at com.kms.katalon.core.keyword.internal.KeywordExecutor.executeKeywordForPlatform(KeywordExecutor.groovy:74)
	at com.kms.katalon.core.keyword.BuiltinKeywords.callTestCase(BuiltinKeywords.groovy:310)
	at java.base/jdk.internal.reflect.NativeMethodAccessorImpl.invoke0(Native Method)
	at java.base/jdk.internal.reflect.NativeMethodAccessorImpl.invoke(NativeMethodAccessorImpl.java:77)
	at java.base/jdk.internal.reflect.DelegatingMethodAccessorImpl.invoke(DelegatingMethodAccessorImpl.java:43)
	at Script1732689342164.run(Script1732689342164.groovy:136)
	... 15 more
)
	at com.kms.katalon.core.keyword.internal.KeywordMain.stepFailed(KeywordMain.groovy:39)
	at com.kms.katalon.core.webui.keyword.internal.WebUIKeywordMain.stepFailed(WebUIKeywordMain.groovy:117)
	at com.kms.katalon.core.webui.keyword.internal.WebUIKeywordMain.runKeyword(WebUIKeywordMain.groovy:43)
	at com.kms.katalon.core.webui.keyword.builtin.ScrollToElementKeyword.scrollToElement(ScrollToElementKeyword.groovy:88)
	at com.kms.katalon.core.webui.keyword.builtin.ScrollToElementKeyword.execute(ScrollToElementKeyword.groovy:68)
	at com.kms.katalon.core.keyword.internal.KeywordExecutor.executeKeywordForPlatform(KeywordExecutor.groovy:74)
	at com.kms.katalon.core.webui.keyword.WebUiBuiltInKeywords.scrollToElement(WebUiBuiltInKeywords.groovy:4133)
	at Pago-exitoso.run(Pago-exitoso:29)
	at com.kms.katalon.core.main.ScriptEngine.run(ScriptEngine.java:194)
	at com.kms.katalon.core.main.ScriptEngine.runScriptAsRawText(ScriptEngine.java:119)
	at com.kms.katalon.core.main.TestCaseExecutor.runScript(TestCaseExecutor.java:448)
	at com.kms.katalon.core.main.TestCaseExecutor.doExecute(TestCaseExecutor.java:439)
	at com.kms.katalon.core.main.TestCaseExecutor.processExecutionPhase(TestCaseExecutor.java:418)
	at com.kms.katalon.core.main.TestCaseExecutor.accessMainPhase(TestCaseExecutor.java:410)
	at com.kms.katalon.core.main.TestCaseExecutor.execute(TestCaseExecutor.java:285)
	at com.kms.katalon.core.main.TestCaseMain.runTestCase(TestCaseMain.java:137)
	at com.kms.katalon.core.keyword.builtin.CallTestCaseKeyword$_callTestCase_closure1.doCall(CallTestCaseKeyword.groovy:59)
	... 25 more
Caused by: com.kms.katalon.core.exception.StepFailedException: Unable to scroll to object 'Object Repository/Comprar Empaques/Page_Olva Courier  Resultado/button_23 - 00005177'
	... 41 more
Caused by: com.kms.katalon.core.webui.exception.WebElementNotFoundException: Web element with id: 'Object Repository/Comprar Empaques/Page_Olva Courier  Resultado/button_23 - 00005177' located by '//*[@id="div_container"]/form/button' not found
	at com.kms.katalon.core.webui.common.WebUiCommonHelper.findWebElement(WebUiCommonHelper.java:1419)
	at com.kms.katalon.core.webui.keyword.internal.WebUIAbstractKeyword.findWebElement(WebUIAbstractKeyword.groovy:27)
	at com.kms.katalon.core.webui.keyword.internal.WebUIAbstractKeyword.findWebElement(WebUIAbstractKeyword.groovy:26)
	at com.kms.katalon.core.webui.keyword.builtin.ScrollToElementKeyword$_scrollToElement_closure1.doCall(ScrollToElementKeyword.groovy:79)
	at com.kms.katalon.core.webui.keyword.builtin.ScrollToElementKeyword$_scrollToElement_closure1.call(ScrollToElementKeyword.groovy)
	at com.kms.katalon.core.webui.keyword.internal.WebUIKeywordMain.runKeyword(WebUIKeywordMain.groovy:35)
	... 39 more]]></system-err>
   </testsuite>
</testsuites>
